<?xml version="1.0" encoding="UTF-8"?>
<TestRun id="b0fe288e-be92-4903-bde0-19ca6ec21bfe" name="Administrator@PILOTOPC 2012-04-25 09:48:22" runUser="PILOTO\Administrator" xmlns="http://microsoft.com/schemas/VisualStudio/TeamTest/2010">
  <TestSettings name="Local" id="95c13cd8-e4ab-4186-869c-a68da72b0b86">
    <Description>These are default test settings for a local test run.</Description>
    <Deployment enabled="false" runDeploymentRoot="Administrator_PILOTOPC 2012-04-25 09_48_22">
      <DeploymentItem filename="C:\DEV\Trivia\Moq.4.0.10827\NET40\Moq.dll" />
      <DeploymentItem filename="C:\DEV\Trivia\1.0\C#\Trivia\Trivia\bin\Debug\Trivia.exe" />
    </Deployment>
    <Execution>
      <TestTypeSpecific />
      <AgentRule name="Execution Agents">
      </AgentRule>
    </Execution>
  </TestSettings>
  <Times creation="2012-04-25T09:48:22.1318158+02:00" queuing="2012-04-25T09:48:22.3818158+02:00" start="2012-04-25T09:48:22.4443158+02:00" finish="2012-04-25T09:48:28.1943158+02:00" />
  <ResultSummary outcome="Completed">
    <Counters total="9" executed="9" passed="9" error="0" failed="0" timeout="0" aborted="0" inconclusive="0" passedButRunAborted="0" notRunnable="0" notExecuted="0" disconnected="0" warning="0" completed="0" inProgress="0" pending="0" />
  </ResultSummary>
  <TestDefinitions>
    <UnitTest name="AddNewPlayerTest" storage="c:\dev\trivia\1.0\c#\trivia\triviatest\bin\debug\triviatest.dll" id="5b44dfd8-bf28-2baa-e0bb-e20f65070c98">
      <Execution id="b5b6a40b-9a9c-476a-965d-d27b55b996b1" />
      <TestMethod codeBase="C:/DEV/Trivia/1.0/C#/Trivia/TriviaTest/bin/Debug/TriviaTest.DLL" adapterTypeName="Microsoft.VisualStudio.TestTools.TestTypes.Unit.UnitTestAdapter, Microsoft.VisualStudio.QualityTools.Tips.UnitTest.Adapter, Version=10.0.0.0, Culture=neutral, PublicKeyToken=b03f5f7f11d50a3a" className="TriviaTest.TriviaTest, TriviaTest, Version=1.0.0.0, Culture=neutral, PublicKeyToken=null" name="AddNewPlayerTest" />
    </UnitTest>
    <UnitTest name="GetCurrentCategoriConDatosCorrectos" storage="c:\dev\trivia\1.0\c#\trivia\triviatest\bin\debug\triviatest.dll" id="4ed9acd2-84cf-12e4-2383-dcdff71ea3fb">
      <Execution id="6001bbd4-ac65-4b8b-bb55-0dc3e05a6bf9" />
      <TestMethod codeBase="C:/DEV/Trivia/1.0/C#/Trivia/TriviaTest/bin/Debug/TriviaTest.DLL" adapterTypeName="Microsoft.VisualStudio.TestTools.TestTypes.Unit.UnitTestAdapter, Microsoft.VisualStudio.QualityTools.Tips.UnitTest.Adapter, Version=10.0.0.0, Culture=neutral, PublicKeyToken=b03f5f7f11d50a3a" className="TriviaTest.TriviaTest, TriviaTest, Version=1.0.0.0, Culture=neutral, PublicKeyToken=null" name="GetCurrentCategoriConDatosCorrectos" />
    </UnitTest>
    <UnitTest name="RandomTest" storage="c:\dev\trivia\1.0\c#\trivia\triviatest\bin\debug\triviatest.dll" id="0a7da336-2f01-076a-c365-c01c924cb829">
      <Execution id="528b1746-c5e5-4e32-a096-be8326830b30" />
      <TestMethod codeBase="C:/DEV/Trivia/1.0/C#/Trivia/TriviaTest/bin/Debug/TriviaTest.DLL" adapterTypeName="Microsoft.VisualStudio.TestTools.TestTypes.Unit.UnitTestAdapter, Microsoft.VisualStudio.QualityTools.Tips.UnitTest.Adapter, Version=10.0.0.0, Culture=neutral, PublicKeyToken=b03f5f7f11d50a3a" className="TriviaTest.TriviaTest, TriviaTest, Version=1.0.0.0, Culture=neutral, PublicKeyToken=null" name="RandomTest" />
    </UnitTest>
    <UnitTest name="ObtenerCategoriasById" storage="c:\dev\trivia\1.0\c#\trivia\triviatest\bin\debug\triviatest.dll" id="a2c6dcd6-2d94-5b5c-b32d-f8bed4c25af3">
      <Execution id="64047b75-5fdd-41c7-af2f-27d9cf19fb51" />
      <TestMethod codeBase="C:/DEV/Trivia/1.0/C#/Trivia/TriviaTest/bin/Debug/TriviaTest.DLL" adapterTypeName="Microsoft.VisualStudio.TestTools.TestTypes.Unit.UnitTestAdapter, Microsoft.VisualStudio.QualityTools.Tips.UnitTest.Adapter, Version=10.0.0.0, Culture=neutral, PublicKeyToken=b03f5f7f11d50a3a" className="TriviaTest.TriviaTest, TriviaTest, Version=1.0.0.0, Culture=neutral, PublicKeyToken=null" name="ObtenerCategoriasById" />
    </UnitTest>
    <UnitTest name="MessagesTest" storage="c:\dev\trivia\1.0\c#\trivia\triviatest\bin\debug\triviatest.dll" id="808b568e-f6d5-f2c0-ce4d-f681edfa13ad">
      <Execution id="e95cf67b-968c-474c-9fde-c208fa7f40e8" />
      <TestMethod codeBase="C:/DEV/Trivia/1.0/C#/Trivia/TriviaTest/bin/Debug/TriviaTest.DLL" adapterTypeName="Microsoft.VisualStudio.TestTools.TestTypes.Unit.UnitTestAdapter, Microsoft.VisualStudio.QualityTools.Tips.UnitTest.Adapter, Version=10.0.0.0, Culture=neutral, PublicKeyToken=b03f5f7f11d50a3a" className="TriviaTest.TriviaTest, TriviaTest, Version=1.0.0.0, Culture=neutral, PublicKeyToken=null" name="MessagesTest" />
    </UnitTest>
    <UnitTest name="InsertarPreguntas" storage="c:\dev\trivia\1.0\c#\trivia\triviatest\bin\debug\triviatest.dll" id="465dfa2c-29f8-b83b-000c-6c89ed7aa4d2">
      <Execution id="3547ef81-5c73-482b-9242-35f04f0241ef" />
      <TestMethod codeBase="C:/DEV/Trivia/1.0/C#/Trivia/TriviaTest/bin/Debug/TriviaTest.DLL" adapterTypeName="Microsoft.VisualStudio.TestTools.TestTypes.Unit.UnitTestAdapter, Microsoft.VisualStudio.QualityTools.Tips.UnitTest.Adapter, Version=10.0.0.0, Culture=neutral, PublicKeyToken=b03f5f7f11d50a3a" className="TriviaTest.TriviaTest, TriviaTest, Version=1.0.0.0, Culture=neutral, PublicKeyToken=null" name="InsertarPreguntas" />
    </UnitTest>
    <UnitTest name="GetCurrentCategoriConDatosInCorrectos" storage="c:\dev\trivia\1.0\c#\trivia\triviatest\bin\debug\triviatest.dll" id="b27817ac-06aa-fce7-f294-714971e19e0e">
      <Execution id="5a1c1156-ad36-41a9-b3be-0f26a1754e83" />
      <TestMethod codeBase="C:/DEV/Trivia/1.0/C#/Trivia/TriviaTest/bin/Debug/TriviaTest.DLL" adapterTypeName="Microsoft.VisualStudio.TestTools.TestTypes.Unit.UnitTestAdapter, Microsoft.VisualStudio.QualityTools.Tips.UnitTest.Adapter, Version=10.0.0.0, Culture=neutral, PublicKeyToken=b03f5f7f11d50a3a" className="TriviaTest.TriviaTest, TriviaTest, Version=1.0.0.0, Culture=neutral, PublicKeyToken=null" name="GetCurrentCategoriConDatosInCorrectos" />
    </UnitTest>
    <UnitTest name="CorrectTestWinTest" storage="c:\dev\trivia\1.0\c#\trivia\triviatest\bin\debug\triviatest.dll" id="543409ab-6127-a6b2-59e4-44ef80a01fd6">
      <Execution id="9017c6c2-5846-4ec4-8d57-e33b77d3cc56" />
      <TestMethod codeBase="C:/DEV/Trivia/1.0/C#/Trivia/TriviaTest/bin/Debug/TriviaTest.DLL" adapterTypeName="Microsoft.VisualStudio.TestTools.TestTypes.Unit.UnitTestAdapter, Microsoft.VisualStudio.QualityTools.Tips.UnitTest.Adapter, Version=10.0.0.0, Culture=neutral, PublicKeyToken=b03f5f7f11d50a3a" className="TriviaTest.TriviaTest, TriviaTest, Version=1.0.0.0, Culture=neutral, PublicKeyToken=null" name="CorrectTestWinTest" />
    </UnitTest>
    <UnitTest name="ObtenerTodasLasCategorias" storage="c:\dev\trivia\1.0\c#\trivia\triviatest\bin\debug\triviatest.dll" id="22a0c970-5e9b-5347-7e11-139dcb81d124">
      <Execution id="acfcad22-91f9-412a-bca4-7d2667acf735" />
      <TestMethod codeBase="C:/DEV/Trivia/1.0/C#/Trivia/TriviaTest/bin/Debug/TriviaTest.DLL" adapterTypeName="Microsoft.VisualStudio.TestTools.TestTypes.Unit.UnitTestAdapter, Microsoft.VisualStudio.QualityTools.Tips.UnitTest.Adapter, Version=10.0.0.0, Culture=neutral, PublicKeyToken=b03f5f7f11d50a3a" className="TriviaTest.TriviaTest, TriviaTest, Version=1.0.0.0, Culture=neutral, PublicKeyToken=null" name="ObtenerTodasLasCategorias" />
    </UnitTest>
  </TestDefinitions>
  <TestLists>
    <TestList name="Results Not in a List" id="8c84fa94-04c1-424b-9868-57a2d4851a1d" />
    <TestList name="All Loaded Results" id="19431567-8539-422a-85d7-44ee4e166bda" />
  </TestLists>
  <TestEntries>
    <TestEntry testId="0a7da336-2f01-076a-c365-c01c924cb829" executionId="528b1746-c5e5-4e32-a096-be8326830b30" testListId="8c84fa94-04c1-424b-9868-57a2d4851a1d" />
    <TestEntry testId="22a0c970-5e9b-5347-7e11-139dcb81d124" executionId="acfcad22-91f9-412a-bca4-7d2667acf735" testListId="8c84fa94-04c1-424b-9868-57a2d4851a1d" />
    <TestEntry testId="465dfa2c-29f8-b83b-000c-6c89ed7aa4d2" executionId="3547ef81-5c73-482b-9242-35f04f0241ef" testListId="8c84fa94-04c1-424b-9868-57a2d4851a1d" />
    <TestEntry testId="4ed9acd2-84cf-12e4-2383-dcdff71ea3fb" executionId="6001bbd4-ac65-4b8b-bb55-0dc3e05a6bf9" testListId="8c84fa94-04c1-424b-9868-57a2d4851a1d" />
    <TestEntry testId="543409ab-6127-a6b2-59e4-44ef80a01fd6" executionId="9017c6c2-5846-4ec4-8d57-e33b77d3cc56" testListId="8c84fa94-04c1-424b-9868-57a2d4851a1d" />
    <TestEntry testId="5b44dfd8-bf28-2baa-e0bb-e20f65070c98" executionId="b5b6a40b-9a9c-476a-965d-d27b55b996b1" testListId="8c84fa94-04c1-424b-9868-57a2d4851a1d" />
    <TestEntry testId="808b568e-f6d5-f2c0-ce4d-f681edfa13ad" executionId="e95cf67b-968c-474c-9fde-c208fa7f40e8" testListId="8c84fa94-04c1-424b-9868-57a2d4851a1d" />
    <TestEntry testId="a2c6dcd6-2d94-5b5c-b32d-f8bed4c25af3" executionId="64047b75-5fdd-41c7-af2f-27d9cf19fb51" testListId="8c84fa94-04c1-424b-9868-57a2d4851a1d" />
    <TestEntry testId="b27817ac-06aa-fce7-f294-714971e19e0e" executionId="5a1c1156-ad36-41a9-b3be-0f26a1754e83" testListId="8c84fa94-04c1-424b-9868-57a2d4851a1d" />
  </TestEntries>
  <Results>
    <UnitTestResult executionId="528b1746-c5e5-4e32-a096-be8326830b30" testId="0a7da336-2f01-076a-c365-c01c924cb829" testName="RandomTest" computerName="PILOTOPC" duration="00:00:00.5952089" startTime="2012-04-25T09:48:22.4755658+02:00" endTime="2012-04-25T09:48:23.3505658+02:00" testType="13cdc9d9-ddb5-4fa4-a97d-d965ccfc6d4b" outcome="Passed" testListId="8c84fa94-04c1-424b-9868-57a2d4851a1d" relativeResultsDirectory="528b1746-c5e5-4e32-a096-be8326830b30">
    </UnitTestResult>
    <UnitTestResult executionId="acfcad22-91f9-412a-bca4-7d2667acf735" testId="22a0c970-5e9b-5347-7e11-139dcb81d124" testName="ObtenerTodasLasCategorias" computerName="PILOTOPC" duration="00:00:00.6093031" startTime="2012-04-25T09:48:23.3505658+02:00" endTime="2012-04-25T09:48:23.9755658+02:00" testType="13cdc9d9-ddb5-4fa4-a97d-d965ccfc6d4b" outcome="Passed" testListId="8c84fa94-04c1-424b-9868-57a2d4851a1d" relativeResultsDirectory="acfcad22-91f9-412a-bca4-7d2667acf735">
    </UnitTestResult>
    <UnitTestResult executionId="3547ef81-5c73-482b-9242-35f04f0241ef" testId="465dfa2c-29f8-b83b-000c-6c89ed7aa4d2" testName="InsertarPreguntas" computerName="PILOTOPC" duration="00:00:00.7277257" startTime="2012-04-25T09:48:23.9755658+02:00" endTime="2012-04-25T09:48:24.7099408+02:00" testType="13cdc9d9-ddb5-4fa4-a97d-d965ccfc6d4b" outcome="Passed" testListId="8c84fa94-04c1-424b-9868-57a2d4851a1d" relativeResultsDirectory="3547ef81-5c73-482b-9242-35f04f0241ef">
    </UnitTestResult>
    <UnitTestResult executionId="6001bbd4-ac65-4b8b-bb55-0dc3e05a6bf9" testId="4ed9acd2-84cf-12e4-2383-dcdff71ea3fb" testName="GetCurrentCategoriConDatosCorrectos" computerName="PILOTOPC" duration="00:00:00.3792368" startTime="2012-04-25T09:48:24.7099408+02:00" endTime="2012-04-25T09:48:25.1005658+02:00" testType="13cdc9d9-ddb5-4fa4-a97d-d965ccfc6d4b" outcome="Passed" testListId="8c84fa94-04c1-424b-9868-57a2d4851a1d" relativeResultsDirectory="6001bbd4-ac65-4b8b-bb55-0dc3e05a6bf9">
    </UnitTestResult>
    <UnitTestResult executionId="9017c6c2-5846-4ec4-8d57-e33b77d3cc56" testId="543409ab-6127-a6b2-59e4-44ef80a01fd6" testName="CorrectTestWinTest" computerName="PILOTOPC" duration="00:00:00.7439866" startTime="2012-04-25T09:48:25.1005658+02:00" endTime="2012-04-25T09:48:25.8505658+02:00" testType="13cdc9d9-ddb5-4fa4-a97d-d965ccfc6d4b" outcome="Passed" testListId="8c84fa94-04c1-424b-9868-57a2d4851a1d" relativeResultsDirectory="9017c6c2-5846-4ec4-8d57-e33b77d3cc56">
      <Output>
        <StdOut>Primero was added
They are player number 1
Segundo was added
They are player number 2
Tercero was added
They are player number 3
Primero is the current player
They have rolled a 2
Primero's new location is 2
The category is Trivia.db.Category
QuestionScience32
Answer was corrent!!!!
Primero now has 1 Gold Coins.
Segundo is the current player
They have rolled a 2
Segundo's new location is 2
The category is Trivia.db.Category
QuestionScience32
Answer was corrent!!!!
Segundo now has 1 Gold Coins.
Tercero is the current player
They have rolled a 2
Tercero's new location is 2
The category is Trivia.db.Category
QuestionScience32
Answer was corrent!!!!
Tercero now has 1 Gold Coins.
Primero is the current player
They have rolled a 2
Primero's new location is 4
The category is Trivia.db.Category
QuestionRock32
Answer was corrent!!!!
Primero now has 2 Gold Coins.
Segundo is the current player
They have rolled a 2
Segundo's new location is 4
The category is Trivia.db.Category
QuestionRock32
Answer was corrent!!!!
Segundo now has 2 Gold Coins.
Tercero is the current player
They have rolled a 2
Tercero's new location is 4
The category is Trivia.db.Category
QuestionRock50
Answer was corrent!!!!
Tercero now has 2 Gold Coins.
Primero is the current player
They have rolled a 2
Primero's new location is 6
The category is Trivia.db.Category
QuestionRock50
Answer was corrent!!!!
Primero now has 3 Gold Coins.
Segundo is the current player
They have rolled a 2
Segundo's new location is 6
The category is Trivia.db.Category
QuestionRock50
Answer was corrent!!!!
Segundo now has 3 Gold Coins.
Tercero is the current player
They have rolled a 2
Tercero's new location is 6
The category is Trivia.db.Category
QuestionRock50
Answer was corrent!!!!
Tercero now has 3 Gold Coins.
Primero is the current player
They have rolled a 2
Primero's new location is 8
The category is Trivia.db.Category
QuestionRock50
Answer was corrent!!!!
Primero now has 4 Gold Coins.
Segundo is the current player
They have rolled a 2
Segundo's new location is 8
The category is Trivia.db.Category
QuestionRock50
Answer was corrent!!!!
Segundo now has 4 Gold Coins.
Tercero is the current player
They have rolled a 2
Tercero's new location is 8
The category is Trivia.db.Category
QuestionRock42
Answer was corrent!!!!
Tercero now has 4 Gold Coins.
Primero is the current player
They have rolled a 2
Primero's new location is 10
The category is Trivia.db.Category
QuestionRock42
Answer was corrent!!!!
Primero now has 5 Gold Coins.
Segundo is the current player
They have rolled a 2
Segundo's new location is 10
The category is Trivia.db.Category
QuestionRock42
Answer was corrent!!!!
Segundo now has 5 Gold Coins.
Tercero is the current player
They have rolled a 2
Tercero's new location is 10
The category is Trivia.db.Category
QuestionRock42
Answer was corrent!!!!
Tercero now has 5 Gold Coins.
Primero is the current player
They have rolled a 2
Primero's new location is 0
The category is Trivia.db.Category
QuestionRock10
Answer was corrent!!!!
Primero now has 6 Gold Coins.</StdOut>
      </Output>
    </UnitTestResult>
    <UnitTestResult executionId="b5b6a40b-9a9c-476a-965d-d27b55b996b1" testId="5b44dfd8-bf28-2baa-e0bb-e20f65070c98" testName="AddNewPlayerTest" computerName="PILOTOPC" duration="00:00:00.5790503" startTime="2012-04-25T09:48:25.8505658+02:00" endTime="2012-04-25T09:48:26.4286908+02:00" testType="13cdc9d9-ddb5-4fa4-a97d-d965ccfc6d4b" outcome="Passed" testListId="8c84fa94-04c1-424b-9868-57a2d4851a1d" relativeResultsDirectory="b5b6a40b-9a9c-476a-965d-d27b55b996b1">
      <Output>
        <StdOut>J1 was added
They are player number 1
J1 is the current player
They have rolled a 3
J1's new location is 3
The category is Trivia.db.Category
QuestionSports30
Question was incorrectly answered
J1 was sent to the penalty box
J1 is the current player
They have rolled a 3
J1 is getting out of the penalty box
J1's new location is 6
The category is Trivia.db.Category
QuestionRock30
Question was incorrectly answered
J1 was sent to the penalty box
J1 is the current player
They have rolled a 3
J1 is getting out of the penalty box
J1's new location is 9
The category is Trivia.db.Category
QuestionRock30
Question was incorrectly answered
J1 was sent to the penalty box
J1 is the current player
They have rolled a 3
J1 is getting out of the penalty box
J1's new location is 0
The category is Trivia.db.Category
QuestionRock30
Question was incorrectly answered
J1 was sent to the penalty box
J1 is the current player
They have rolled a 3
J1 is getting out of the penalty box
J1's new location is 3
The category is Trivia.db.Category
QuestionSports30
Question was incorrectly answered
J1 was sent to the penalty box
J1 is the current player
They have rolled a 3
J1 is getting out of the penalty box
J1's new location is 6
The category is Trivia.db.Category
QuestionRock48
Answer was correct!!!!
J1 now has 1 Gold Coins.
J1 is the current player
They have rolled a 5
J1 is getting out of the penalty box
J1's new location is 11
The category is Trivia.db.Category
QuestionRock48
Answer was correct!!!!
J1 now has 2 Gold Coins.
J1 is the current player
They have rolled a 5
J1 is getting out of the penalty box
J1's new location is 4
The category is Trivia.db.Category
QuestionRock48
Answer was correct!!!!
J1 now has 3 Gold Coins.
J1 is the current player
They have rolled a 5
J1 is getting out of the penalty box
J1's new location is 9
The category is Trivia.db.Category
QuestionRock48
Answer was correct!!!!
J1 now has 4 Gold Coins.
J1 is the current player
They have rolled a 5
J1 is getting out of the penalty box
J1's new location is 2
The category is Trivia.db.Category
QuestionScience48
Answer was correct!!!!
J1 now has 5 Gold Coins.
J1 is the current player
They have rolled a 5
J1 is getting out of the penalty box
J1's new location is 7
The category is Trivia.db.Category
QuestionRock16
Question was incorrectly answered
J1 was sent to the penalty box
J1 is the current player
They have rolled a 2
J1 is not getting out of the penalty box
Question was incorrectly answered
J1 was sent to the penalty box
J1 is the current player
They have rolled a 2
J1 is not getting out of the penalty box
Question was incorrectly answered
J1 was sent to the penalty box
J1 is the current player
They have rolled a 2
J1 is not getting out of the penalty box
Question was incorrectly answered
J1 was sent to the penalty box
J1 is the current player
They have rolled a 2
J1 is not getting out of the penalty box
Question was incorrectly answered
J1 was sent to the penalty box
J1 is the current player
They have rolled a 2
J1 is not getting out of the penalty box
Question was incorrectly answered
J1 was sent to the penalty box
J1 is the current player
They have rolled a 2
J1 is not getting out of the penalty box
Question was incorrectly answered
J1 was sent to the penalty box
J1 is the current player
They have rolled a 2
J1 is not getting out of the penalty box
Question was incorrectly answered
J1 was sent to the penalty box
J1 is the current player
They have rolled a 2
J1 is not getting out of the penalty box
Question was incorrectly answered
J1 was sent to the penalty box
J1 is the current player
They have rolled a 2
J1 is not getting out of the penalty box
Question was incorrectly answered
J1 was sent to the penalty box
J1 is the current player
They have rolled a 2
J1 is not getting out of the penalty box
Question was incorrectly answered
J1 was sent to the penalty box
J1 is the current player
They have rolled a 2
J1 is not getting out of the penalty box
Question was incorrectly answered
J1 was sent to the penalty box
J1 is the current player
They have rolled a 2
J1 is not getting out of the penalty box
Question was incorrectly answered
J1 was sent to the penalty box
J1 is the current player
They have rolled a 2
J1 is not getting out of the penalty box
Question was incorrectly answered
J1 was sent to the penalty box
J1 is the current player
They have rolled a 2
J1 is not getting out of the penalty box
Question was incorrectly answered
J1 was sent to the penalty box
J1 is the current player
They have rolled a 2
J1 is not getting out of the penalty box
Question was incorrectly answered
J1 was sent to the penalty box
J1 is the current player
They have rolled a 2
J1 is not getting out of the penalty box
Question was incorrectly answered
J1 was sent to the penalty box
J1 is the current player
They have rolled a 2
J1 is not getting out of the penalty box
Question was incorrectly answered
J1 was sent to the penalty box
J1 is the current player
They have rolled a 2
J1 is not getting out of the penalty box
Question was incorrectly answered
J1 was sent to the penalty box
J1 is the current player
They have rolled a 2
J1 is not getting out of the penalty box
Question was incorrectly answered
J1 was sent to the penalty box
J1 is the current player
They have rolled a 2
J1 is not getting out of the penalty box
Question was incorrectly answered
J1 was sent to the penalty box
J1 is the current player
They have rolled a 2
J1 is not getting out of the penalty box
Question was incorrectly answered
J1 was sent to the penalty box
J1 is the current player
They have rolled a 2
J1 is not getting out of the penalty box
Question was incorrectly answered
J1 was sent to the penalty box
J1 is the current player
They have rolled a 2
J1 is not getting out of the penalty box
Question was incorrectly answered
J1 was sent to the penalty box
J1 is the current player
They have rolled a 2
J1 is not getting out of the penalty box
Question was incorrectly answered
J1 was sent to the penalty box
J1 is the current player
They have rolled a 2
J1 is not getting out of the penalty box
Question was incorrectly answered
J1 was sent to the penalty box
J1 is the current player
They have rolled a 2
J1 is not getting out of the penalty box
Question was incorrectly answered
J1 was sent to the penalty box
J1 is the current player
They have rolled a 2
J1 is not getting out of the penalty box
Question was incorrectly answered
J1 was sent to the penalty box
J1 is the current player
They have rolled a 2
J1 is not getting out of the penalty box
Question was incorrectly answered
J1 was sent to the penalty box
J1 is the current player
They have rolled a 2
J1 is not getting out of the penalty box
Question was incorrectly answered
J1 was sent to the penalty box
J1 is the current player
They have rolled a 2
J1 is not getting out of the penalty box
Question was incorrectly answered
J1 was sent to the penalty box
J1 is the current player
They have rolled a 2
J1 is not getting out of the penalty box
Question was incorrectly answered
J1 was sent to the penalty box
J1 is the current player
They have rolled a 2
J1 is not getting out of the penalty box
Question was incorrectly answered
J1 was sent to the penalty box
J1 is the current player
They have rolled a 2
J1 is not getting out of the penalty box
Question was incorrectly answered
J1 was sent to the penalty box
J1 is the current player
They have rolled a 2
J1 is not getting out of the penalty box
Question was incorrectly answered
J1 was sent to the penalty box
J1 is the current player
They have rolled a 2
J1 is not getting out of the penalty box
Question was incorrectly answered
J1 was sent to the penalty box
J1 is the current player
They have rolled a 2
J1 is not getting out of the penalty box
Question was incorrectly answered
J1 was sent to the penalty box
J1 is the current player
They have rolled a 2
J1 is not getting out of the penalty box
Question was incorrectly answered
J1 was sent to the penalty box
J1 is the current player
They have rolled a 2
J1 is not getting out of the penalty box
Question was incorrectly answered
J1 was sent to the penalty box
J1 is the current player
They have rolled a 2
J1 is not getting out of the penalty box
Question was incorrectly answered
J1 was sent to the penalty box
J1 is the current player
They have rolled a 2
J1 is not getting out of the penalty box
Question was incorrectly answered
J1 was sent to the penalty box
J1 is the current player
They have rolled a 2
J1 is not getting out of the penalty box
Question was incorrectly answered
J1 was sent to the penalty box
J1 is the current player
They have rolled a 2
J1 is not getting out of the penalty box
Question was incorrectly answered
J1 was sent to the penalty box
J1 is the current player
They have rolled a 2
J1 is not getting out of the penalty box
Question was incorrectly answered
J1 was sent to the penalty box
J1 is the current player
They have rolled a 2
J1 is not getting out of the penalty box
Question was incorrectly answered
J1 was sent to the penalty box
J1 is the current player
They have rolled a 2
J1 is not getting out of the penalty box
Question was incorrectly answered
J1 was sent to the penalty box
J1 is the current player
They have rolled a 2
J1 is not getting out of the penalty box
Question was incorrectly answered
J1 was sent to the penalty box
J1 is the current player
They have rolled a 2
J1 is not getting out of the penalty box
Question was incorrectly answered
J1 was sent to the penalty box
J1 is the current player
They have rolled a 2
J1 is not getting out of the penalty box
Question was incorrectly answered
J1 was sent to the penalty box
J1 is the current player
They have rolled a 2
J1 is not getting out of the penalty box
Question was incorrectly answered
J1 was sent to the penalty box
J1 is the current player
They have rolled a 2
J1 is not getting out of the penalty box
Question was incorrectly answered
J1 was sent to the penalty box
J1 is the current player
They have rolled a 2
J1 is not getting out of the penalty box
Question was incorrectly answered
J1 was sent to the penalty box
J1 is the current player
They have rolled a 2
J1 is not getting out of the penalty box
Question was incorrectly answered
J1 was sent to the penalty box
J1 is the current player
They have rolled a 2
J1 is not getting out of the penalty box
Question was incorrectly answered
J1 was sent to the penalty box
J1 is the current player
They have rolled a 2
J1 is not getting out of the penalty box
Question was incorrectly answered
J1 was sent to the penalty box
J1 is the current player
They have rolled a 2
J1 is not getting out of the penalty box
Question was incorrectly answered
J1 was sent to the penalty box
J1 is the current player
They have rolled a 2
J1 is not getting out of the penalty box
Question was incorrectly answered
J1 was sent to the penalty box
J1 is the current player
They have rolled a 2
J1 is not getting out of the penalty box
Question was incorrectly answered
J1 was sent to the penalty box
J1 is the current player
They have rolled a 2
J1 is not getting out of the penalty box
Question was incorrectly answered
J1 was sent to the penalty box
J1 is the current player
They have rolled a 2
J1 is not getting out of the penalty box
Question was incorrectly answered
J1 was sent to the penalty box
J1 is the current player
They have rolled a 2
J1 is not getting out of the penalty box
Question was incorrectly answered
J1 was sent to the penalty box
J1 is the current player
They have rolled a 2
J1 is not getting out of the penalty box
Question was incorrectly answered
J1 was sent to the penalty box
J1 is the current player
They have rolled a 2
J1 is not getting out of the penalty box
Question was incorrectly answered
J1 was sent to the penalty box
J1 is the current player
They have rolled a 2
J1 is not getting out of the penalty box
Question was incorrectly answered
J1 was sent to the penalty box
J1 is the current player
They have rolled a 2
J1 is not getting out of the penalty box
Question was incorrectly answered
J1 was sent to the penalty box
J1 is the current player
They have rolled a 2
J1 is not getting out of the penalty box
Question was incorrectly answered
J1 was sent to the penalty box
J1 is the current player
They have rolled a 2
J1 is not getting out of the penalty box
Question was incorrectly answered
J1 was sent to the penalty box
J1 is the current player
They have rolled a 2
J1 is not getting out of the penalty box
Question was incorrectly answered
J1 was sent to the penalty box
J1 is the current player
They have rolled a 2
J1 is not getting out of the penalty box
Question was incorrectly answered
J1 was sent to the penalty box
J1 is the current player
They have rolled a 2
J1 is not getting out of the penalty box
Question was incorrectly answered
J1 was sent to the penalty box
J1 is the current player
They have rolled a 2
J1 is not getting out of the penalty box
Question was incorrectly answered
J1 was sent to the penalty box
J1 is the current player
They have rolled a 2
J1 is not getting out of the penalty box
Question was incorrectly answered
J1 was sent to the penalty box
J1 is the current player
They have rolled a 2
J1 is not getting out of the penalty box
Question was incorrectly answered
J1 was sent to the penalty box
J1 is the current player
They have rolled a 2
J1 is not getting out of the penalty box
Question was incorrectly answered
J1 was sent to the penalty box
J1 is the current player
They have rolled a 2
J1 is not getting out of the penalty box
Question was incorrectly answered
J1 was sent to the penalty box
J1 is the current player
They have rolled a 2
J1 is not getting out of the penalty box
Question was incorrectly answered
J1 was sent to the penalty box
J1 is the current player
They have rolled a 2
J1 is not getting out of the penalty box
Question was incorrectly answered
J1 was sent to the penalty box
J1 is the current player
They have rolled a 2
J1 is not getting out of the penalty box
Question was incorrectly answered
J1 was sent to the penalty box
J1 is the current player
They have rolled a 2
J1 is not getting out of the penalty box
Question was incorrectly answered
J1 was sent to the penalty box
J1 is the current player
They have rolled a 2
J1 is not getting out of the penalty box
Question was incorrectly answered
J1 was sent to the penalty box
J1 is the current player
They have rolled a 2
J1 is not getting out of the penalty box
Question was incorrectly answered
J1 was sent to the penalty box
J1 is the current player
They have rolled a 2
J1 is not getting out of the penalty box
Question was incorrectly answered
J1 was sent to the penalty box
J1 is the current player
They have rolled a 2
J1 is not getting out of the penalty box
Question was incorrectly answered
J1 was sent to the penalty box
J1 is the current player
They have rolled a 2
J1 is not getting out of the penalty box
Question was incorrectly answered
J1 was sent to the penalty box
J1 is the current player
They have rolled a 2
J1 is not getting out of the penalty box
Question was incorrectly answered
J1 was sent to the penalty box
J1 is the current player
They have rolled a 2
J1 is not getting out of the penalty box
Question was incorrectly answered
J1 was sent to the penalty box
J1 is the current player
They have rolled a 2
J1 is not getting out of the penalty box
Question was incorrectly answered
J1 was sent to the penalty box
J1 is the current player
They have rolled a 2
J1 is not getting out of the penalty box
Question was incorrectly answered
J1 was sent to the penalty box
J1 is the current player
They have rolled a 2
J1 is not getting out of the penalty box
Question was incorrectly answered
J1 was sent to the penalty box
J1 is the current player
They have rolled a 2
J1 is not getting out of the penalty box
Question was incorrectly answered
J1 was sent to the penalty box
J1 is the current player
They have rolled a 2
J1 is not getting out of the penalty box
Question was incorrectly answered
J1 was sent to the penalty box
J1 is the current player
They have rolled a 2
J1 is not getting out of the penalty box
Question was incorrectly answered
J1 was sent to the penalty box
J1 is the current player
They have rolled a 2
J1 is not getting out of the penalty box
Question was incorrectly answered
J1 was sent to the penalty box
J1 is the current player
They have rolled a 2
J1 is not getting out of the penalty box
Question was incorrectly answered
J1 was sent to the penalty box
J1 is the current player
They have rolled a 2
J1 is not getting out of the penalty box
Question was incorrectly answered
J1 was sent to the penalty box
J1 is the current player
They have rolled a 2
J1 is not getting out of the penalty box
Question was incorrectly answered
J1 was sent to the penalty box
J1 is the current player
They have rolled a 2
J1 is not getting out of the penalty box
Question was incorrectly answered
J1 was sent to the penalty box
J1 is the current player
They have rolled a 2
J1 is not getting out of the penalty box
Question was incorrectly answered
J1 was sent to the penalty box
J1 is the current player
They have rolled a 2
J1 is not getting out of the penalty box
Question was incorrectly answered
J1 was sent to the penalty box
J1 is the current player
They have rolled a 2
J1 is not getting out of the penalty box
Question was incorrectly answered
J1 was sent to the penalty box
J1 is the current player
They have rolled a 2
J1 is not getting out of the penalty box
Question was incorrectly answered
J1 was sent to the penalty box
J1 is the current player
They have rolled a 2
J1 is not getting out of the penalty box
Question was incorrectly answered
J1 was sent to the penalty box
J1 is the current player
They have rolled a 2
J1 is not getting out of the penalty box
Question was incorrectly answered
J1 was sent to the penalty box
J1 is the current player
They have rolled a 2
J1 is not getting out of the penalty box
Question was incorrectly answered
J1 was sent to the penalty box
J1 is the current player
They have rolled a 2
J1 is not getting out of the penalty box
Question was incorrectly answered
J1 was sent to the penalty box
J1 is the current player
They have rolled a 2
J1 is not getting out of the penalty box
Question was incorrectly answered
J1 was sent to the penalty box
J1 is the current player
They have rolled a 2
J1 is not getting out of the penalty box
Question was incorrectly answered
J1 was sent to the penalty box
J1 is the current player
They have rolled a 2
J1 is not getting out of the penalty box
Question was incorrectly answered
J1 was sent to the penalty box
J1 is the current player
They have rolled a 2
J1 is not getting out of the penalty box
Question was incorrectly answered
J1 was sent to the penalty box
J1 is the current player
They have rolled a 2
J1 is not getting out of the penalty box
Question was incorrectly answered
J1 was sent to the penalty box
J1 is the current player
They have rolled a 2
J1 is not getting out of the penalty box
Question was incorrectly answered
J1 was sent to the penalty box
J1 is the current player
They have rolled a 2
J1 is not getting out of the penalty box
Question was incorrectly answered
J1 was sent to the penalty box
J1 is the current player
They have rolled a 2
J1 is not getting out of the penalty box
Question was incorrectly answered
J1 was sent to the penalty box
J1 is the current player
They have rolled a 2
J1 is not getting out of the penalty box
Question was incorrectly answered
J1 was sent to the penalty box
J1 is the current player
They have rolled a 2
J1 is not getting out of the penalty box
Question was incorrectly answered
J1 was sent to the penalty box
J1 is the current player
They have rolled a 2
J1 is not getting out of the penalty box
Question was incorrectly answered
J1 was sent to the penalty box
J1 is the current player
They have rolled a 2
J1 is not getting out of the penalty box
Question was incorrectly answered
J1 was sent to the penalty box
J1 is the current player
They have rolled a 2
J1 is not getting out of the penalty box
Question was incorrectly answered
J1 was sent to the penalty box
J1 is the current player
They have rolled a 2
J1 is not getting out of the penalty box
Question was incorrectly answered
J1 was sent to the penalty box
J1 is the current player
They have rolled a 2
J1 is not getting out of the penalty box
Question was incorrectly answered
J1 was sent to the penalty box
J1 is the current player
They have rolled a 2
J1 is not getting out of the penalty box
Question was incorrectly answered
J1 was sent to the penalty box
J1 is the current player
They have rolled a 2
J1 is not getting out of the penalty box
Question was incorrectly answered
J1 was sent to the penalty box
J1 is the current player
They have rolled a 2
J1 is not getting out of the penalty box
Question was incorrectly answered
J1 was sent to the penalty box
J1 is the current player
They have rolled a 2
J1 is not getting out of the penalty box
Question was incorrectly answered
J1 was sent to the penalty box
J1 is the current player
They have rolled a 2
J1 is not getting out of the penalty box
Question was incorrectly answered
J1 was sent to the penalty box
J1 is the current player
They have rolled a 2
J1 is not getting out of the penalty box
Question was incorrectly answered
J1 was sent to the penalty box
J1 is the current player
They have rolled a 2
J1 is not getting out of the penalty box
Question was incorrectly answered
J1 was sent to the penalty box
J1 is the current player
They have rolled a 2
J1 is not getting out of the penalty box
Question was incorrectly answered
J1 was sent to the penalty box
J1 is the current player
They have rolled a 2
J1 is not getting out of the penalty box
Question was incorrectly answered
J1 was sent to the penalty box
J1 is the current player
They have rolled a 2
J1 is not getting out of the penalty box
Question was incorrectly answered
J1 was sent to the penalty box
J1 is the current player
They have rolled a 2
J1 is not getting out of the penalty box
Question was incorrectly answered
J1 was sent to the penalty box
J1 is the current player
They have rolled a 2
J1 is not getting out of the penalty box
Question was incorrectly answered
J1 was sent to the penalty box
J1 is the current player
They have rolled a 2
J1 is not getting out of the penalty box
Question was incorrectly answered
J1 was sent to the penalty box
J1 is the current player
They have rolled a 2
J1 is not getting out of the penalty box
Question was incorrectly answered
J1 was sent to the penalty box
J1 is the current player
They have rolled a 2
J1 is not getting out of the penalty box
Question was incorrectly answered
J1 was sent to the penalty box
J1 is the current player
They have rolled a 2
J1 is not getting out of the penalty box
Question was incorrectly answered
J1 was sent to the penalty box
J1 is the current player
They have rolled a 2
J1 is not getting out of the penalty box
Question was incorrectly answered
J1 was sent to the penalty box
J1 is the current player
They have rolled a 2
J1 is not getting out of the penalty box
Question was incorrectly answered
J1 was sent to the penalty box
J1 is the current player
They have rolled a 2
J1 is not getting out of the penalty box
Question was incorrectly answered
J1 was sent to the penalty box
J1 is the current player
They have rolled a 2
J1 is not getting out of the penalty box
Question was incorrectly answered
J1 was sent to the penalty box
J1 is the current player
They have rolled a 2
J1 is not getting out of the penalty box
Question was incorrectly answered
J1 was sent to the penalty box
J1 is the current player
They have rolled a 2
J1 is not getting out of the penalty box
Question was incorrectly answered
J1 was sent to the penalty box
J1 is the current player
They have rolled a 2
J1 is not getting out of the penalty box
Question was incorrectly answered
J1 was sent to the penalty box
J1 is the current player
They have rolled a 2
J1 is not getting out of the penalty box
Question was incorrectly answered
J1 was sent to the penalty box
J1 is the current player
They have rolled a 2
J1 is not getting out of the penalty box
Question was incorrectly answered
J1 was sent to the penalty box
J1 is the current player
They have rolled a 2
J1 is not getting out of the penalty box
Question was incorrectly answered
J1 was sent to the penalty box
J1 is the current player
They have rolled a 2
J1 is not getting out of the penalty box
Question was incorrectly answered
J1 was sent to the penalty box
J1 is the current player
They have rolled a 2
J1 is not getting out of the penalty box
Question was incorrectly answered
J1 was sent to the penalty box
J1 is the current player
They have rolled a 2
J1 is not getting out of the penalty box
Question was incorrectly answered
J1 was sent to the penalty box
J1 is the current player
They have rolled a 2
J1 is not getting out of the penalty box
Question was incorrectly answered
J1 was sent to the penalty box
J1 is the current player
They have rolled a 2
J1 is not getting out of the penalty box
Question was incorrectly answered
J1 was sent to the penalty box
J1 is the current player
They have rolled a 2
J1 is not getting out of the penalty box
Question was incorrectly answered
J1 was sent to the penalty box
J1 is the current player
They have rolled a 2
J1 is not getting out of the penalty box
Question was incorrectly answered
J1 was sent to the penalty box
J1 is the current player
They have rolled a 2
J1 is not getting out of the penalty box
Question was incorrectly answered
J1 was sent to the penalty box
J1 is the current player
They have rolled a 2
J1 is not getting out of the penalty box
Question was incorrectly answered
J1 was sent to the penalty box
J1 is the current player
They have rolled a 2
J1 is not getting out of the penalty box
Question was incorrectly answered
J1 was sent to the penalty box
J1 is the current player
They have rolled a 2
J1 is not getting out of the penalty box
Question was incorrectly answered
J1 was sent to the penalty box
J1 is the current player
They have rolled a 2
J1 is not getting out of the penalty box
Question was incorrectly answered
J1 was sent to the penalty box
J1 is the current player
They have rolled a 2
J1 is not getting out of the penalty box
Question was incorrectly answered
J1 was sent to the penalty box
J1 is the current player
They have rolled a 2
J1 is not getting out of the penalty box
Question was incorrectly answered
J1 was sent to the penalty box
J1 is the current player
They have rolled a 2
J1 is not getting out of the penalty box
Question was incorrectly answered
J1 was sent to the penalty box
J1 is the current player
They have rolled a 2
J1 is not getting out of the penalty box
Question was incorrectly answered
J1 was sent to the penalty box
J1 is the current player
They have rolled a 2
J1 is not getting out of the penalty box
Question was incorrectly answered
J1 was sent to the penalty box
J1 is the current player
They have rolled a 2
J1 is not getting out of the penalty box
Question was incorrectly answered
J1 was sent to the penalty box
J1 is the current player
They have rolled a 2
J1 is not getting out of the penalty box
Question was incorrectly answered
J1 was sent to the penalty box
J1 is the current player
They have rolled a 2
J1 is not getting out of the penalty box
Question was incorrectly answered
J1 was sent to the penalty box
J1 is the current player
They have rolled a 2
J1 is not getting out of the penalty box
Question was incorrectly answered
J1 was sent to the penalty box
J1 is the current player
They have rolled a 2
J1 is not getting out of the penalty box
Question was incorrectly answered
J1 was sent to the penalty box
J1 is the current player
They have rolled a 2
J1 is not getting out of the penalty box
Question was incorrectly answered
J1 was sent to the penalty box
J1 is the current player
They have rolled a 2
J1 is not getting out of the penalty box
Question was incorrectly answered
J1 was sent to the penalty box
J1 is the current player
They have rolled a 2
J1 is not getting out of the penalty box
Question was incorrectly answered
J1 was sent to the penalty box
J1 is the current player
They have rolled a 2
J1 is not getting out of the penalty box
Question was incorrectly answered
J1 was sent to the penalty box
J1 is the current player
They have rolled a 2
J1 is not getting out of the penalty box
Question was incorrectly answered
J1 was sent to the penalty box
J1 is the current player
They have rolled a 2
J1 is not getting out of the penalty box
Question was incorrectly answered
J1 was sent to the penalty box
J1 is the current player
They have rolled a 2
J1 is not getting out of the penalty box
Question was incorrectly answered
J1 was sent to the penalty box
J1 is the current player
They have rolled a 2
J1 is not getting out of the penalty box
Question was incorrectly answered
J1 was sent to the penalty box
J1 is the current player
They have rolled a 2
J1 is not getting out of the penalty box
Question was incorrectly answered
J1 was sent to the penalty box
J1 is the current player
They have rolled a 2
J1 is not getting out of the penalty box
Question was incorrectly answered
J1 was sent to the penalty box
J1 is the current player
They have rolled a 2
J1 is not getting out of the penalty box
Question was incorrectly answered
J1 was sent to the penalty box
J1 is the current player
They have rolled a 2
J1 is not getting out of the penalty box
Question was incorrectly answered
J1 was sent to the penalty box
J1 is the current player
They have rolled a 2
J1 is not getting out of the penalty box
Question was incorrectly answered
J1 was sent to the penalty box
J1 is the current player
They have rolled a 2
J1 is not getting out of the penalty box
Question was incorrectly answered
J1 was sent to the penalty box
J1 is the current player
They have rolled a 2
J1 is not getting out of the penalty box
Question was incorrectly answered
J1 was sent to the penalty box
J1 is the current player
They have rolled a 2
J1 is not getting out of the penalty box
Question was incorrectly answered
J1 was sent to the penalty box
J1 is the current player
They have rolled a 2
J1 is not getting out of the penalty box
Question was incorrectly answered
J1 was sent to the penalty box
J1 is the current player
They have rolled a 2
J1 is not getting out of the penalty box
Question was incorrectly answered
J1 was sent to the penalty box
J1 is the current player
They have rolled a 2
J1 is not getting out of the penalty box
Question was incorrectly answered
J1 was sent to the penalty box
J1 is the current player
They have rolled a 2
J1 is not getting out of the penalty box
Question was incorrectly answered
J1 was sent to the penalty box
J1 is the current player
They have rolled a 2
J1 is not getting out of the penalty box
Question was incorrectly answered
J1 was sent to the penalty box
J1 is the current player
They have rolled a 2
J1 is not getting out of the penalty box
Question was incorrectly answered
J1 was sent to the penalty box
J1 is the current player
They have rolled a 2
J1 is not getting out of the penalty box
Question was incorrectly answered
J1 was sent to the penalty box
J1 is the current player
They have rolled a 2
J1 is not getting out of the penalty box
Question was incorrectly answered
J1 was sent to the penalty box
J1 is the current player
They have rolled a 2
J1 is not getting out of the penalty box
Question was incorrectly answered
J1 was sent to the penalty box
J1 is the current player
They have rolled a 2
J1 is not getting out of the penalty box
Question was incorrectly answered
J1 was sent to the penalty box
J1 is the current player
They have rolled a 2
J1 is not getting out of the penalty box
Question was incorrectly answered
J1 was sent to the penalty box
J1 is the current player
They have rolled a 2
J1 is not getting out of the penalty box
Question was incorrectly answered
J1 was sent to the penalty box
J1 is the current player
They have rolled a 2
J1 is not getting out of the penalty box
Question was incorrectly answered
J1 was sent to the penalty box
J1 is the current player
They have rolled a 2
J1 is not getting out of the penalty box
Question was incorrectly answered
J1 was sent to the penalty box
J1 is the current player
They have rolled a 2
J1 is not getting out of the penalty box
Question was incorrectly answered
J1 was sent to the penalty box
J1 is the current player
They have rolled a 2
J1 is not getting out of the penalty box
Question was incorrectly answered
J1 was sent to the penalty box
J1 is the current player
They have rolled a 2
J1 is not getting out of the penalty box
Question was incorrectly answered
J1 was sent to the penalty box
J1 is the current player
They have rolled a 2
J1 is not getting out of the penalty box
Question was incorrectly answered
J1 was sent to the penalty box
J1 is the current player
They have rolled a 2
J1 is not getting out of the penalty box
Question was incorrectly answered
J1 was sent to the penalty box
J1 is the current player
They have rolled a 2
J1 is not getting out of the penalty box
Question was incorrectly answered
J1 was sent to the penalty box
J1 is the current player
They have rolled a 2
J1 is not getting out of the penalty box
Question was incorrectly answered
J1 was sent to the penalty box
J1 is the current player
They have rolled a 2
J1 is not getting out of the penalty box
Question was incorrectly answered
J1 was sent to the penalty box
J1 is the current player
They have rolled a 2
J1 is not getting out of the penalty box
Question was incorrectly answered
J1 was sent to the penalty box
J1 is the current player
They have rolled a 2
J1 is not getting out of the penalty box
Question was incorrectly answered
J1 was sent to the penalty box
J1 is the current player
They have rolled a 2
J1 is not getting out of the penalty box
Question was incorrectly answered
J1 was sent to the penalty box
J1 is the current player
They have rolled a 2
J1 is not getting out of the penalty box
Question was incorrectly answered
J1 was sent to the penalty box
J1 is the current player
They have rolled a 2
J1 is not getting out of the penalty box
Question was incorrectly answered
J1 was sent to the penalty box
J1 is the current player
They have rolled a 2
J1 is not getting out of the penalty box
Question was incorrectly answered
J1 was sent to the penalty box
J1 is the current player
They have rolled a 2
J1 is not getting out of the penalty box
Question was incorrectly answered
J1 was sent to the penalty box
J1 is the current player
They have rolled a 2
J1 is not getting out of the penalty box
Question was incorrectly answered
J1 was sent to the penalty box
J1 is the current player
They have rolled a 2
J1 is not getting out of the penalty box
Question was incorrectly answered
J1 was sent to the penalty box
J1 is the current player
They have rolled a 2
J1 is not getting out of the penalty box
Question was incorrectly answered
J1 was sent to the penalty box
J1 is the current player
They have rolled a 2
J1 is not getting out of the penalty box
Question was incorrectly answered
J1 was sent to the penalty box
J1 is the current player
They have rolled a 2
J1 is not getting out of the penalty box
Question was incorrectly answered
J1 was sent to the penalty box
J1 is the current player
They have rolled a 2
J1 is not getting out of the penalty box
Question was incorrectly answered
J1 was sent to the penalty box
J1 is the current player
They have rolled a 2
J1 is not getting out of the penalty box
Question was incorrectly answered
J1 was sent to the penalty box
J1 is the current player
They have rolled a 2
J1 is not getting out of the penalty box
Question was incorrectly answered
J1 was sent to the penalty box
J1 is the current player
They have rolled a 2
J1 is not getting out of the penalty box
Question was incorrectly answered
J1 was sent to the penalty box
J1 is the current player
They have rolled a 2
J1 is not getting out of the penalty box
Question was incorrectly answered
J1 was sent to the penalty box
J1 is the current player
They have rolled a 2
J1 is not getting out of the penalty box
Question was incorrectly answered
J1 was sent to the penalty box
J1 is the current player
They have rolled a 2
J1 is not getting out of the penalty box
Question was incorrectly answered
J1 was sent to the penalty box
J1 is the current player
They have rolled a 2
J1 is not getting out of the penalty box
Question was incorrectly answered
J1 was sent to the penalty box
J1 is the current player
They have rolled a 2
J1 is not getting out of the penalty box
Question was incorrectly answered
J1 was sent to the penalty box
J1 is the current player
They have rolled a 2
J1 is not getting out of the penalty box
Question was incorrectly answered
J1 was sent to the penalty box
J1 is the current player
They have rolled a 2
J1 is not getting out of the penalty box
Question was incorrectly answered
J1 was sent to the penalty box
J1 is the current player
They have rolled a 2
J1 is not getting out of the penalty box
Question was incorrectly answered
J1 was sent to the penalty box
J1 is the current player
They have rolled a 2
J1 is not getting out of the penalty box
Question was incorrectly answered
J1 was sent to the penalty box
J1 is the current player
They have rolled a 2
J1 is not getting out of the penalty box
Question was incorrectly answered
J1 was sent to the penalty box
J1 is the current player
They have rolled a 2
J1 is not getting out of the penalty box
Question was incorrectly answered
J1 was sent to the penalty box
J1 is the current player
They have rolled a 2
J1 is not getting out of the penalty box
Question was incorrectly answered
J1 was sent to the penalty box
J1 is the current player
They have rolled a 2
J1 is not getting out of the penalty box
Question was incorrectly answered
J1 was sent to the penalty box
J1 is the current player
They have rolled a 2
J1 is not getting out of the penalty box
Question was incorrectly answered
J1 was sent to the penalty box
J1 is the current player
They have rolled a 2
J1 is not getting out of the penalty box
Question was incorrectly answered
J1 was sent to the penalty box
J1 is the current player
They have rolled a 2
J1 is not getting out of the penalty box
Question was incorrectly answered
J1 was sent to the penalty box
J1 is the current player
They have rolled a 2
J1 is not getting out of the penalty box
Question was incorrectly answered
J1 was sent to the penalty box
J1 is the current player
They have rolled a 2
J1 is not getting out of the penalty box
Question was incorrectly answered
J1 was sent to the penalty box
J1 is the current player
They have rolled a 2
J1 is not getting out of the penalty box
Question was incorrectly answered
J1 was sent to the penalty box
J1 is the current player
They have rolled a 2
J1 is not getting out of the penalty box
Question was incorrectly answered
J1 was sent to the penalty box
J1 is the current player
They have rolled a 2
J1 is not getting out of the penalty box
Question was incorrectly answered
J1 was sent to the penalty box
J1 is the current player
They have rolled a 2
J1 is not getting out of the penalty box
Question was incorrectly answered
J1 was sent to the penalty box
J1 is the current player
They have rolled a 2
J1 is not getting out of the penalty box
Question was incorrectly answered
J1 was sent to the penalty box
J1 is the current player
They have rolled a 2
J1 is not getting out of the penalty box
Question was incorrectly answered
J1 was sent to the penalty box
J1 is the current player
They have rolled a 2
J1 is not getting out of the penalty box
Question was incorrectly answered
J1 was sent to the penalty box
J1 is the current player
They have rolled a 2
J1 is not getting out of the penalty box
Question was incorrectly answered
J1 was sent to the penalty box
J1 is the current player
They have rolled a 2
J1 is not getting out of the penalty box
Question was incorrectly answered
J1 was sent to the penalty box
J1 is the current player
They have rolled a 2
J1 is not getting out of the penalty box
Question was incorrectly answered
J1 was sent to the penalty box
J1 is the current player
They have rolled a 2
J1 is not getting out of the penalty box
Question was incorrectly answered
J1 was sent to the penalty box
J1 is the current player
They have rolled a 2
J1 is not getting out of the penalty box
Question was incorrectly answered
J1 was sent to the penalty box
J1 is the current player
They have rolled a 2
J1 is not getting out of the penalty box
Question was incorrectly answered
J1 was sent to the penalty box
J1 is the current player
They have rolled a 2
J1 is not getting out of the penalty box
Question was incorrectly answered
J1 was sent to the penalty box
J1 is the current player
They have rolled a 2
J1 is not getting out of the penalty box
Question was incorrectly answered
J1 was sent to the penalty box
J1 is the current player
They have rolled a 2
J1 is not getting out of the penalty box
Question was incorrectly answered
J1 was sent to the penalty box
J1 is the current player
They have rolled a 2
J1 is not getting out of the penalty box
Question was incorrectly answered
J1 was sent to the penalty box
J1 is the current player
They have rolled a 2
J1 is not getting out of the penalty box
Question was incorrectly answered
J1 was sent to the penalty box
J1 is the current player
They have rolled a 2
J1 is not getting out of the penalty box
Question was incorrectly answered
J1 was sent to the penalty box
J1 is the current player
They have rolled a 2
J1 is not getting out of the penalty box
Question was incorrectly answered
J1 was sent to the penalty box
J1 is the current player
They have rolled a 2
J1 is not getting out of the penalty box
Question was incorrectly answered
J1 was sent to the penalty box
J1 is the current player
They have rolled a 2
J1 is not getting out of the penalty box
Question was incorrectly answered
J1 was sent to the penalty box
J1 is the current player
They have rolled a 2
J1 is not getting out of the penalty box
Question was incorrectly answered
J1 was sent to the penalty box
J1 is the current player
They have rolled a 2
J1 is not getting out of the penalty box
Question was incorrectly answered
J1 was sent to the penalty box
J1 is the current player
They have rolled a 2
J1 is not getting out of the penalty box
Question was incorrectly answered
J1 was sent to the penalty box
J1 is the current player
They have rolled a 2
J1 is not getting out of the penalty box
Question was incorrectly answered
J1 was sent to the penalty box
J1 is the current player
They have rolled a 2
J1 is not getting out of the penalty box
Question was incorrectly answered
J1 was sent to the penalty box
J1 is the current player
They have rolled a 2
J1 is not getting out of the penalty box
Question was incorrectly answered
J1 was sent to the penalty box
J1 is the current player
They have rolled a 2
J1 is not getting out of the penalty box
Question was incorrectly answered
J1 was sent to the penalty box
J1 is the current player
They have rolled a 2
J1 is not getting out of the penalty box
Question was incorrectly answered
J1 was sent to the penalty box
J1 is the current player
They have rolled a 2
J1 is not getting out of the penalty box
Question was incorrectly answered
J1 was sent to the penalty box
J1 is the current player
They have rolled a 2
J1 is not getting out of the penalty box
Question was incorrectly answered
J1 was sent to the penalty box
J1 is the current player
They have rolled a 2
J1 is not getting out of the penalty box
Question was incorrectly answered
J1 was sent to the penalty box
J1 is the current player
They have rolled a 2
J1 is not getting out of the penalty box
Question was incorrectly answered
J1 was sent to the penalty box
J1 is the current player
They have rolled a 2
J1 is not getting out of the penalty box
Question was incorrectly answered
J1 was sent to the penalty box
J1 is the current player
They have rolled a 2
J1 is not getting out of the penalty box
Question was incorrectly answered
J1 was sent to the penalty box
J1 is the current player
They have rolled a 2
J1 is not getting out of the penalty box
Question was incorrectly answered
J1 was sent to the penalty box
J1 is the current player
They have rolled a 2
J1 is not getting out of the penalty box
Question was incorrectly answered
J1 was sent to the penalty box
J1 is the current player
They have rolled a 2
J1 is not getting out of the penalty box
Question was incorrectly answered
J1 was sent to the penalty box
J1 is the current player
They have rolled a 2
J1 is not getting out of the penalty box
Question was incorrectly answered
J1 was sent to the penalty box
J1 is the current player
They have rolled a 2
J1 is not getting out of the penalty box
Question was incorrectly answered
J1 was sent to the penalty box
J1 is the current player
They have rolled a 2
J1 is not getting out of the penalty box
Question was incorrectly answered
J1 was sent to the penalty box
J1 is the current player
They have rolled a 2
J1 is not getting out of the penalty box
Question was incorrectly answered
J1 was sent to the penalty box
J1 is the current player
They have rolled a 2
J1 is not getting out of the penalty box
Question was incorrectly answered
J1 was sent to the penalty box
J1 is the current player
They have rolled a 2
J1 is not getting out of the penalty box
Question was incorrectly answered
J1 was sent to the penalty box
J1 is the current player
They have rolled a 2
J1 is not getting out of the penalty box
Question was incorrectly answered
J1 was sent to the penalty box
J1 is the current player
They have rolled a 2
J1 is not getting out of the penalty box
Question was incorrectly answered
J1 was sent to the penalty box
J1 is the current player
They have rolled a 2
J1 is not getting out of the penalty box
Question was incorrectly answered
J1 was sent to the penalty box
J1 is the current player
They have rolled a 2
J1 is not getting out of the penalty box
Question was incorrectly answered
J1 was sent to the penalty box
J1 is the current player
They have rolled a 2
J1 is not getting out of the penalty box
Question was incorrectly answered
J1 was sent to the penalty box
J1 is the current player
They have rolled a 2
J1 is not getting out of the penalty box
Question was incorrectly answered
J1 was sent to the penalty box
J1 is the current player
They have rolled a 2
J1 is not getting out of the penalty box
Question was incorrectly answered
J1 was sent to the penalty box
J1 is the current player
They have rolled a 2
J1 is not getting out of the penalty box
Question was incorrectly answered
J1 was sent to the penalty box
J1 is the current player
They have rolled a 2
J1 is not getting out of the penalty box
Question was incorrectly answered
J1 was sent to the penalty box
J1 is the current player
They have rolled a 2
J1 is not getting out of the penalty box
Question was incorrectly answered
J1 was sent to the penalty box
J1 is the current player
They have rolled a 2
J1 is not getting out of the penalty box
Question was incorrectly answered
J1 was sent to the penalty box
J1 is the current player
They have rolled a 2
J1 is not getting out of the penalty box
Question was incorrectly answered
J1 was sent to the penalty box
J1 is the current player
They have rolled a 2
J1 is not getting out of the penalty box
Question was incorrectly answered
J1 was sent to the penalty box
J1 is the current player
They have rolled a 2
J1 is not getting out of the penalty box
Question was incorrectly answered
J1 was sent to the penalty box
J1 is the current player
They have rolled a 2
J1 is not getting out of the penalty box
Question was incorrectly answered
J1 was sent to the penalty box
J1 is the current player
They have rolled a 2
J1 is not getting out of the penalty box
Question was incorrectly answered
J1 was sent to the penalty box
J1 is the current player
They have rolled a 2
J1 is not getting out of the penalty box
Question was incorrectly answered
J1 was sent to the penalty box
J1 is the current player
They have rolled a 2
J1 is not getting out of the penalty box
Question was incorrectly answered
J1 was sent to the penalty box
J1 is the current player
They have rolled a 2
J1 is not getting out of the penalty box
Question was incorrectly answered
J1 was sent to the penalty box
J1 is the current player
They have rolled a 2
J1 is not getting out of the penalty box
Question was incorrectly answered
J1 was sent to the penalty box
J1 is the current player
They have rolled a 2
J1 is not getting out of the penalty box
Question was incorrectly answered
J1 was sent to the penalty box
J1 is the current player
They have rolled a 2
J1 is not getting out of the penalty box
Question was incorrectly answered
J1 was sent to the penalty box
J1 is the current player
They have rolled a 2
J1 is not getting out of the penalty box
Question was incorrectly answered
J1 was sent to the penalty box
J1 is the current player
They have rolled a 2
J1 is not getting out of the penalty box
Question was incorrectly answered
J1 was sent to the penalty box
J1 is the current player
They have rolled a 2
J1 is not getting out of the penalty box
Question was incorrectly answered
J1 was sent to the penalty box
J1 is the current player
They have rolled a 2
J1 is not getting out of the penalty box
Question was incorrectly answered
J1 was sent to the penalty box
J1 is the current player
They have rolled a 2
J1 is not getting out of the penalty box
Question was incorrectly answered
J1 was sent to the penalty box
J1 is the current player
They have rolled a 2
J1 is not getting out of the penalty box
Question was incorrectly answered
J1 was sent to the penalty box
J1 is the current player
They have rolled a 2
J1 is not getting out of the penalty box
Question was incorrectly answered
J1 was sent to the penalty box
J1 is the current player
They have rolled a 2
J1 is not getting out of the penalty box
Question was incorrectly answered
J1 was sent to the penalty box
J1 is the current player
They have rolled a 2
J1 is not getting out of the penalty box
Question was incorrectly answered
J1 was sent to the penalty box
J1 is the current player
They have rolled a 2
J1 is not getting out of the penalty box
Question was incorrectly answered
J1 was sent to the penalty box
J1 is the current player
They have rolled a 2
J1 is not getting out of the penalty box
Question was incorrectly answered
J1 was sent to the penalty box
J1 is the current player
They have rolled a 2
J1 is not getting out of the penalty box
Question was incorrectly answered
J1 was sent to the penalty box
J1 is the current player
They have rolled a 2
J1 is not getting out of the penalty box
Question was incorrectly answered
J1 was sent to the penalty box
J1 is the current player
They have rolled a 2
J1 is not getting out of the penalty box
Question was incorrectly answered
J1 was sent to the penalty box
J1 is the current player
They have rolled a 2
J1 is not getting out of the penalty box
Question was incorrectly answered
J1 was sent to the penalty box
J1 is the current player
They have rolled a 2
J1 is not getting out of the penalty box
Question was incorrectly answered
J1 was sent to the penalty box
J1 is the current player
They have rolled a 2
J1 is not getting out of the penalty box
Question was incorrectly answered
J1 was sent to the penalty box
J1 is the current player
They have rolled a 2
J1 is not getting out of the penalty box
Question was incorrectly answered
J1 was sent to the penalty box
J1 is the current player
They have rolled a 2
J1 is not getting out of the penalty box
Question was incorrectly answered
J1 was sent to the penalty box
J1 is the current player
They have rolled a 2
J1 is not getting out of the penalty box
Question was incorrectly answered
J1 was sent to the penalty box
J1 is the current player
They have rolled a 2
J1 is not getting out of the penalty box
Question was incorrectly answered
J1 was sent to the penalty box
J1 is the current player
They have rolled a 2
J1 is not getting out of the penalty box
Question was incorrectly answered
J1 was sent to the penalty box
J1 is the current player
They have rolled a 2
J1 is not getting out of the penalty box
Question was incorrectly answered
J1 was sent to the penalty box
J1 is the current player
They have rolled a 2
J1 is not getting out of the penalty box
Question was incorrectly answered
J1 was sent to the penalty box
J1 is the current player
They have rolled a 2
J1 is not getting out of the penalty box
Question was incorrectly answered
J1 was sent to the penalty box
J1 is the current player
They have rolled a 2
J1 is not getting out of the penalty box
Question was incorrectly answered
J1 was sent to the penalty box
J1 is the current player
They have rolled a 2
J1 is not getting out of the penalty box
Question was incorrectly answered
J1 was sent to the penalty box
J1 is the current player
They have rolled a 2
J1 is not getting out of the penalty box
Question was incorrectly answered
J1 was sent to the penalty box
J1 is the current player
They have rolled a 2
J1 is not getting out of the penalty box
Question was incorrectly answered
J1 was sent to the penalty box
J1 is the current player
They have rolled a 2
J1 is not getting out of the penalty box
Question was incorrectly answered
J1 was sent to the penalty box
J1 is the current player
They have rolled a 2
J1 is not getting out of the penalty box
Question was incorrectly answered
J1 was sent to the penalty box
J1 is the current player
They have rolled a 2
J1 is not getting out of the penalty box
Question was incorrectly answered
J1 was sent to the penalty box
J1 is the current player
They have rolled a 2
J1 is not getting out of the penalty box
Question was incorrectly answered
J1 was sent to the penalty box
J1 is the current player
They have rolled a 2
J1 is not getting out of the penalty box
Question was incorrectly answered
J1 was sent to the penalty box
J1 is the current player
They have rolled a 2
J1 is not getting out of the penalty box
Question was incorrectly answered
J1 was sent to the penalty box
J1 is the current player
They have rolled a 2
J1 is not getting out of the penalty box
Question was incorrectly answered
J1 was sent to the penalty box
J1 is the current player
They have rolled a 2
J1 is not getting out of the penalty box
Question was incorrectly answered
J1 was sent to the penalty box
J1 is the current player
They have rolled a 2
J1 is not getting out of the penalty box
Question was incorrectly answered
J1 was sent to the penalty box
J1 is the current player
They have rolled a 2
J1 is not getting out of the penalty box
Question was incorrectly answered
J1 was sent to the penalty box
J1 is the current player
They have rolled a 2
J1 is not getting out of the penalty box
Question was incorrectly answered
J1 was sent to the penalty box
J1 is the current player
They have rolled a 2
J1 is not getting out of the penalty box
Question was incorrectly answered
J1 was sent to the penalty box
J1 is the current player
They have rolled a 2
J1 is not getting out of the penalty box
Question was incorrectly answered
J1 was sent to the penalty box
J1 is the current player
They have rolled a 2
J1 is not getting out of the penalty box
Question was incorrectly answered
J1 was sent to the penalty box
J1 is the current player
They have rolled a 2
J1 is not getting out of the penalty box
Question was incorrectly answered
J1 was sent to the penalty box
J1 is the current player
They have rolled a 2
J1 is not getting out of the penalty box
Question was incorrectly answered
J1 was sent to the penalty box
J1 is the current player
They have rolled a 2
J1 is not getting out of the penalty box
Question was incorrectly answered
J1 was sent to the penalty box
J1 is the current player
They have rolled a 2
J1 is not getting out of the penalty box
Question was incorrectly answered
J1 was sent to the penalty box
J1 is the current player
They have rolled a 2
J1 is not getting out of the penalty box
Question was incorrectly answered
J1 was sent to the penalty box
J1 is the current player
They have rolled a 2
J1 is not getting out of the penalty box
Question was incorrectly answered
J1 was sent to the penalty box
J1 is the current player
They have rolled a 2
J1 is not getting out of the penalty box
Question was incorrectly answered
J1 was sent to the penalty box
J1 is the current player
They have rolled a 2
J1 is not getting out of the penalty box
Question was incorrectly answered
J1 was sent to the penalty box
J1 is the current player
They have rolled a 2
J1 is not getting out of the penalty box
Question was incorrectly answered
J1 was sent to the penalty box
J1 is the current player
They have rolled a 2
J1 is not getting out of the penalty box
Question was incorrectly answered
J1 was sent to the penalty box
J1 is the current player
They have rolled a 2
J1 is not getting out of the penalty box
Question was incorrectly answered
J1 was sent to the penalty box
J1 is the current player
They have rolled a 2
J1 is not getting out of the penalty box
Question was incorrectly answered
J1 was sent to the penalty box
J1 is the current player
They have rolled a 2
J1 is not getting out of the penalty box
Question was incorrectly answered
J1 was sent to the penalty box
J1 is the current player
They have rolled a 2
J1 is not getting out of the penalty box
Question was incorrectly answered
J1 was sent to the penalty box
J1 is the current player
They have rolled a 2
J1 is not getting out of the penalty box
Question was incorrectly answered
J1 was sent to the penalty box
J1 is the current player
They have rolled a 2
J1 is not getting out of the penalty box
Question was incorrectly answered
J1 was sent to the penalty box
J1 is the current player
They have rolled a 2
J1 is not getting out of the penalty box
Question was incorrectly answered
J1 was sent to the penalty box
J1 is the current player
They have rolled a 2
J1 is not getting out of the penalty box
Question was incorrectly answered
J1 was sent to the penalty box
J1 is the current player
They have rolled a 2
J1 is not getting out of the penalty box
Question was incorrectly answered
J1 was sent to the penalty box
J1 is the current player
They have rolled a 2
J1 is not getting out of the penalty box
Question was incorrectly answered
J1 was sent to the penalty box
J1 is the current player
They have rolled a 2
J1 is not getting out of the penalty box
Question was incorrectly answered
J1 was sent to the penalty box
J1 is the current player
They have rolled a 2
J1 is not getting out of the penalty box
Question was incorrectly answered
J1 was sent to the penalty box
J1 is the current player
They have rolled a 2
J1 is not getting out of the penalty box
Question was incorrectly answered
J1 was sent to the penalty box
J1 is the current player
They have rolled a 2
J1 is not getting out of the penalty box
Question was incorrectly answered
J1 was sent to the penalty box
J1 is the current player
They have rolled a 2
J1 is not getting out of the penalty box
Question was incorrectly answered
J1 was sent to the penalty box
J1 is the current player
They have rolled a 2
J1 is not getting out of the penalty box
Question was incorrectly answered
J1 was sent to the penalty box
J1 is the current player
They have rolled a 2
J1 is not getting out of the penalty box
Question was incorrectly answered
J1 was sent to the penalty box
J1 is the current player
They have rolled a 2
J1 is not getting out of the penalty box
Question was incorrectly answered
J1 was sent to the penalty box
J1 is the current player
They have rolled a 2
J1 is not getting out of the penalty box
Question was incorrectly answered
J1 was sent to the penalty box
J1 is the current player
They have rolled a 2
J1 is not getting out of the penalty box
Question was incorrectly answered
J1 was sent to the penalty box
J1 is the current player
They have rolled a 2
J1 is not getting out of the penalty box
Question was incorrectly answered
J1 was sent to the penalty box
J1 is the current player
They have rolled a 2
J1 is not getting out of the penalty box
Question was incorrectly answered
J1 was sent to the penalty box
J1 is the current player
They have rolled a 2
J1 is not getting out of the penalty box
Question was incorrectly answered
J1 was sent to the penalty box
J1 is the current player
They have rolled a 2
J1 is not getting out of the penalty box
Question was incorrectly answered
J1 was sent to the penalty box
J1 is the current player
They have rolled a 2
J1 is not getting out of the penalty box
Question was incorrectly answered
J1 was sent to the penalty box
J1 is the current player
They have rolled a 2
J1 is not getting out of the penalty box
Question was incorrectly answered
J1 was sent to the penalty box
J1 is the current player
They have rolled a 2
J1 is not getting out of the penalty box
Question was incorrectly answered
J1 was sent to the penalty box
J1 is the current player
They have rolled a 2
J1 is not getting out of the penalty box
Question was incorrectly answered
J1 was sent to the penalty box
J1 is the current player
They have rolled a 2
J1 is not getting out of the penalty box
Question was incorrectly answered
J1 was sent to the penalty box
J1 is the current player
They have rolled a 2
J1 is not getting out of the penalty box
Question was incorrectly answered
J1 was sent to the penalty box
J1 is the current player
They have rolled a 2
J1 is not getting out of the penalty box
Question was incorrectly answered
J1 was sent to the penalty box
J1 is the current player
They have rolled a 2
J1 is not getting out of the penalty box
Question was incorrectly answered
J1 was sent to the penalty box
J1 is the current player
They have rolled a 2
J1 is not getting out of the penalty box
Question was incorrectly answered
J1 was sent to the penalty box
J1 is the current player
They have rolled a 2
J1 is not getting out of the penalty box
Question was incorrectly answered
J1 was sent to the penalty box
J1 is the current player
They have rolled a 2
J1 is not getting out of the penalty box
Question was incorrectly answered
J1 was sent to the penalty box
J1 is the current player
They have rolled a 2
J1 is not getting out of the penalty box
Question was incorrectly answered
J1 was sent to the penalty box
J1 is the current player
They have rolled a 2
J1 is not getting out of the penalty box
Question was incorrectly answered
J1 was sent to the penalty box
J1 is the current player
They have rolled a 2
J1 is not getting out of the penalty box
Question was incorrectly answered
J1 was sent to the penalty box
J1 is the current player
They have rolled a 2
J1 is not getting out of the penalty box
Question was incorrectly answered
J1 was sent to the penalty box
J1 is the current player
They have rolled a 2
J1 is not getting out of the penalty box
Question was incorrectly answered
J1 was sent to the penalty box
J1 is the current player
They have rolled a 2
J1 is not getting out of the penalty box
Question was incorrectly answered
J1 was sent to the penalty box
J1 is the current player
They have rolled a 2
J1 is not getting out of the penalty box
Question was incorrectly answered
J1 was sent to the penalty box
J1 is the current player
They have rolled a 2
J1 is not getting out of the penalty box
Question was incorrectly answered
J1 was sent to the penalty box
J1 is the current player
They have rolled a 2
J1 is not getting out of the penalty box
Question was incorrectly answered
J1 was sent to the penalty box
J1 is the current player
They have rolled a 2
J1 is not getting out of the penalty box
Question was incorrectly answered
J1 was sent to the penalty box
J1 is the current player
They have rolled a 2
J1 is not getting out of the penalty box
Question was incorrectly answered
J1 was sent to the penalty box
J1 is the current player
They have rolled a 2
J1 is not getting out of the penalty box
Question was incorrectly answered
J1 was sent to the penalty box
J1 is the current player
They have rolled a 2
J1 is not getting out of the penalty box
Question was incorrectly answered
J1 was sent to the penalty box
J1 is the current player
They have rolled a 2
J1 is not getting out of the penalty box
Question was incorrectly answered
J1 was sent to the penalty box
J1 is the current player
They have rolled a 2
J1 is not getting out of the penalty box
Question was incorrectly answered
J1 was sent to the penalty box
J1 is the current player
They have rolled a 2
J1 is not getting out of the penalty box
Question was incorrectly answered
J1 was sent to the penalty box
J1 is the current player
They have rolled a 2
J1 is not getting out of the penalty box
[...]
J1 was sent to the penalty box
J1 is the current player
They have rolled a 2
J1 is not getting out of the penalty box
Question was incorrectly answered
J1 was sent to the penalty box
J1 is the current player
They have rolled a 2
J1 is not getting out of the penalty box
Question was incorrectly answered
J1 was sent to the penalty box
J1 is the current player
They have rolled a 2
J1 is not getting out of the penalty box
Question was incorrectly answered
J1 was sent to the penalty box
J1 is the current player
They have rolled a 2
J1 is not getting out of the penalty box
Question was incorrectly answered
J1 was sent to the penalty box
J1 is the current player
They have rolled a 2
J1 is not getting out of the penalty box
Question was incorrectly answered
J1 was sent to the penalty box
J1 is the current player
They have rolled a 2
J1 is not getting out of the penalty box
Question was incorrectly answered
J1 was sent to the penalty box
J1 is the current player
They have rolled a 2
J1 is not getting out of the penalty box
Question was incorrectly answered
J1 was sent to the penalty box
J1 is the current player
They have rolled a 2
J1 is not getting out of the penalty box
Question was incorrectly answered
J1 was sent to the penalty box
J1 is the current player
They have rolled a 2
J1 is not getting out of the penalty box
Question was incorrectly answered
J1 was sent to the penalty box
J1 is the current player
They have rolled a 2
J1 is not getting out of the penalty box
Question was incorrectly answered
J1 was sent to the penalty box
J1 is the current player
They have rolled a 2
J1 is not getting out of the penalty box
Question was incorrectly answered
J1 was sent to the penalty box
J1 is the current player
They have rolled a 2
J1 is not getting out of the penalty box
Question was incorrectly answered
J1 was sent to the penalty box
J1 is the current player
They have rolled a 2
J1 is not getting out of the penalty box
Question was incorrectly answered
J1 was sent to the penalty box
J1 is the current player
They have rolled a 2
J1 is not getting out of the penalty box
Question was incorrectly answered
J1 was sent to the penalty box
J1 is the current player
They have rolled a 2
J1 is not getting out of the penalty box
Question was incorrectly answered
J1 was sent to the penalty box
J1 is the current player
They have rolled a 2
J1 is not getting out of the penalty box
Question was incorrectly answered
J1 was sent to the penalty box
J1 is the current player
They have rolled a 2
J1 is not getting out of the penalty box
Question was incorrectly answered
J1 was sent to the penalty box
J1 is the current player
They have rolled a 2
J1 is not getting out of the penalty box
Question was incorrectly answered
J1 was sent to the penalty box
J1 is the current player
They have rolled a 2
J1 is not getting out of the penalty box
Question was incorrectly answered
J1 was sent to the penalty box
J1 is the current player
They have rolled a 2
J1 is not getting out of the penalty box
Question was incorrectly answered
J1 was sent to the penalty box
J1 is the current player
They have rolled a 2
J1 is not getting out of the penalty box
Question was incorrectly answered
J1 was sent to the penalty box
J1 is the current player
They have rolled a 2
J1 is not getting out of the penalty box
Question was incorrectly answered
J1 was sent to the penalty box
J1 is the current player
They have rolled a 2
J1 is not getting out of the penalty box
Question was incorrectly answered
J1 was sent to the penalty box
J1 is the current player
They have rolled a 2
J1 is not getting out of the penalty box
Question was incorrectly answered
J1 was sent to the penalty box
J1 is the current player
They have rolled a 2
J1 is not getting out of the penalty box
Question was incorrectly answered
J1 was sent to the penalty box
J1 is the current player
They have rolled a 2
J1 is not getting out of the penalty box
Question was incorrectly answered
J1 was sent to the penalty box
J1 is the current player
They have rolled a 2
J1 is not getting out of the penalty box
Question was incorrectly answered
J1 was sent to the penalty box
J1 is the current player
They have rolled a 2
J1 is not getting out of the penalty box
Question was incorrectly answered
J1 was sent to the penalty box
J1 is the current player
They have rolled a 2
J1 is not getting out of the penalty box
Question was incorrectly answered
J1 was sent to the penalty box
J1 is the current player
They have rolled a 2
J1 is not getting out of the penalty box
Question was incorrectly answered
J1 was sent to the penalty box
J1 is the current player
They have rolled a 2
J1 is not getting out of the penalty box
Question was incorrectly answered
J1 was sent to the penalty box
J1 is the current player
They have rolled a 2
J1 is not getting out of the penalty box
Question was incorrectly answered
J1 was sent to the penalty box
J1 is the current player
They have rolled a 2
J1 is not getting out of the penalty box
Question was incorrectly answered
J1 was sent to the penalty box
J1 is the current player
They have rolled a 2
J1 is not getting out of the penalty box
Question was incorrectly answered
J1 was sent to the penalty box
J1 is the current player
They have rolled a 2
J1 is not getting out of the penalty box
Question was incorrectly answered
J1 was sent to the penalty box
J1 is the current player
They have rolled a 2
J1 is not getting out of the penalty box
Question was incorrectly answered
J1 was sent to the penalty box
J1 is the current player
They have rolled a 2
J1 is not getting out of the penalty box
Question was incorrectly answered
J1 was sent to the penalty box
J1 is the current player
They have rolled a 2
J1 is not getting out of the penalty box
Question was incorrectly answered
J1 was sent to the penalty box
J1 is the current player
They have rolled a 2
J1 is not getting out of the penalty box
Question was incorrectly answered
J1 was sent to the penalty box
J1 is the current player
They have rolled a 2
J1 is not getting out of the penalty box
Question was incorrectly answered
J1 was sent to the penalty box
J1 is the current player
They have rolled a 2
J1 is not getting out of the penalty box
Question was incorrectly answered
J1 was sent to the penalty box
J1 is the current player
They have rolled a 2
J1 is not getting out of the penalty box
Question was incorrectly answered
J1 was sent to the penalty box
J1 is the current player
They have rolled a 2
J1 is not getting out of the penalty box
Question was incorrectly answered
J1 was sent to the penalty box
J1 is the current player
They have rolled a 2
J1 is not getting out of the penalty box
Question was incorrectly answered
J1 was sent to the penalty box
J1 is the current player
They have rolled a 2
J1 is not getting out of the penalty box
Question was incorrectly answered
J1 was sent to the penalty box
J1 is the current player
They have rolled a 2
J1 is not getting out of the penalty box
Question was incorrectly answered
J1 was sent to the penalty box
J1 is the current player
They have rolled a 2
J1 is not getting out of the penalty box
Question was incorrectly answered
J1 was sent to the penalty box
J1 is the current player
They have rolled a 2
J1 is not getting out of the penalty box
Question was incorrectly answered
J1 was sent to the penalty box
J1 is the current player
They have rolled a 2
J1 is not getting out of the penalty box
Question was incorrectly answered
J1 was sent to the penalty box
J1 is the current player
They have rolled a 2
J1 is not getting out of the penalty box
Question was incorrectly answered
J1 was sent to the penalty box
J1 is the current player
They have rolled a 2
J1 is not getting out of the penalty box
Question was incorrectly answered
J1 was sent to the penalty box
J1 is the current player
They have rolled a 2
J1 is not getting out of the penalty box
Question was incorrectly answered
J1 was sent to the penalty box
J1 is the current player
They have rolled a 2
J1 is not getting out of the penalty box
Question was incorrectly answered
J1 was sent to the penalty box
J1 is the current player
They have rolled a 2
J1 is not getting out of the penalty box
Question was incorrectly answered
J1 was sent to the penalty box
J1 is the current player
They have rolled a 2
J1 is not getting out of the penalty box
Question was incorrectly answered
J1 was sent to the penalty box
J1 is the current player
They have rolled a 2
J1 is not getting out of the penalty box
Question was incorrectly answered
J1 was sent to the penalty box
J1 is the current player
They have rolled a 2
J1 is not getting out of the penalty box
Question was incorrectly answered
J1 was sent to the penalty box
J1 is the current player
They have rolled a 2
J1 is not getting out of the penalty box
Question was incorrectly answered
J1 was sent to the penalty box
J1 is the current player
They have rolled a 2
J1 is not getting out of the penalty box
Question was incorrectly answered
J1 was sent to the penalty box
J1 is the current player
They have rolled a 2
J1 is not getting out of the penalty box
Question was incorrectly answered
J1 was sent to the penalty box
J1 is the current player
They have rolled a 2
J1 is not getting out of the penalty box
Question was incorrectly answered
J1 was sent to the penalty box
J1 is the current player
They have rolled a 2
J1 is not getting out of the penalty box
Question was incorrectly answered
J1 was sent to the penalty box
J1 is the current player
They have rolled a 2
J1 is not getting out of the penalty box
Question was incorrectly answered
J1 was sent to the penalty box
J1 is the current player
They have rolled a 2
J1 is not getting out of the penalty box
Question was incorrectly answered
J1 was sent to the penalty box
J1 is the current player
They have rolled a 2
J1 is not getting out of the penalty box
Question was incorrectly answered
J1 was sent to the penalty box
J1 is the current player
They have rolled a 2
J1 is not getting out of the penalty box
Question was incorrectly answered
J1 was sent to the penalty box
J1 is the current player
They have rolled a 2
J1 is not getting out of the penalty box
Question was incorrectly answered
J1 was sent to the penalty box
J1 is the current player
They have rolled a 2
J1 is not getting out of the penalty box
Question was incorrectly answered
J1 was sent to the penalty box
J1 is the current player
They have rolled a 2
J1 is not getting out of the penalty box
Question was incorrectly answered
J1 was sent to the penalty box
J1 is the current player
They have rolled a 2
J1 is not getting out of the penalty box
Question was incorrectly answered
J1 was sent to the penalty box
J1 is the current player
They have rolled a 2
J1 is not getting out of the penalty box
Question was incorrectly answered
J1 was sent to the penalty box
J1 is the current player
They have rolled a 2
J1 is not getting out of the penalty box
Question was incorrectly answered
J1 was sent to the penalty box
J1 is the current player
They have rolled a 2
J1 is not getting out of the penalty box
Question was incorrectly answered
J1 was sent to the penalty box
J1 is the current player
They have rolled a 2
J1 is not getting out of the penalty box
Question was incorrectly answered
J1 was sent to the penalty box
J1 is the current player
They have rolled a 2
J1 is not getting out of the penalty box
Question was incorrectly answered
J1 was sent to the penalty box
J1 is the current player
They have rolled a 2
J1 is not getting out of the penalty box
Question was incorrectly answered
J1 was sent to the penalty box
J1 is the current player
They have rolled a 2
J1 is not getting out of the penalty box
Question was incorrectly answered
J1 was sent to the penalty box
J1 is the current player
They have rolled a 2
J1 is not getting out of the penalty box
Question was incorrectly answered
J1 was sent to the penalty box
J1 is the current player
They have rolled a 2
J1 is not getting out of the penalty box
Question was incorrectly answered
J1 was sent to the penalty box
J1 is the current player
They have rolled a 2
J1 is not getting out of the penalty box
Question was incorrectly answered
J1 was sent to the penalty box
J1 is the current player
They have rolled a 2
J1 is not getting out of the penalty box
Question was incorrectly answered
J1 was sent to the penalty box
J1 is the current player
They have rolled a 2
J1 is not getting out of the penalty box
Question was incorrectly answered
J1 was sent to the penalty box
J1 is the current player
They have rolled a 2
J1 is not getting out of the penalty box
Question was incorrectly answered
J1 was sent to the penalty box
J1 is the current player
They have rolled a 2
J1 is not getting out of the penalty box
Question was incorrectly answered
J1 was sent to the penalty box
J1 is the current player
They have rolled a 2
J1 is not getting out of the penalty box
Question was incorrectly answered
J1 was sent to the penalty box
J1 is the current player
They have rolled a 2
J1 is not getting out of the penalty box
Question was incorrectly answered
J1 was sent to the penalty box
J1 is the current player
They have rolled a 2
J1 is not getting out of the penalty box
Question was incorrectly answered
J1 was sent to the penalty box
J1 is the current player
They have rolled a 2
J1 is not getting out of the penalty box
Question was incorrectly answered
J1 was sent to the penalty box
J1 is the current player
They have rolled a 2
J1 is not getting out of the penalty box
Question was incorrectly answered
J1 was sent to the penalty box
J1 is the current player
They have rolled a 2
J1 is not getting out of the penalty box
Question was incorrectly answered
J1 was sent to the penalty box
J1 is the current player
They have rolled a 2
J1 is not getting out of the penalty box
Question was incorrectly answered
J1 was sent to the penalty box
J1 is the current player
They have rolled a 2
J1 is not getting out of the penalty box
Question was incorrectly answered
J1 was sent to the penalty box
J1 is the current player
They have rolled a 2
J1 is not getting out of the penalty box
Question was incorrectly answered
J1 was sent to the penalty box
J1 is the current player
They have rolled a 2
J1 is not getting out of the penalty box
Question was incorrectly answered
J1 was sent to the penalty box
J1 is the current player
They have rolled a 2
J1 is not getting out of the penalty box
Question was incorrectly answered
J1 was sent to the penalty box
J1 is the current player
They have rolled a 2
J1 is not getting out of the penalty box
Question was incorrectly answered
J1 was sent to the penalty box
J1 is the current player
They have rolled a 2
J1 is not getting out of the penalty box
Question was incorrectly answered
J1 was sent to the penalty box
J1 is the current player
They have rolled a 2
J1 is not getting out of the penalty box
Question was incorrectly answered
J1 was sent to the penalty box
J1 is the current player
They have rolled a 2
J1 is not getting out of the penalty box
Question was incorrectly answered
J1 was sent to the penalty box
J1 is the current player
They have rolled a 2
J1 is not getting out of the penalty box
Question was incorrectly answered
J1 was sent to the penalty box
J1 is the current player
They have rolled a 2
J1 is not getting out of the penalty box
Question was incorrectly answered
J1 was sent to the penalty box
J1 is the current player
They have rolled a 2
J1 is not getting out of the penalty box
Question was incorrectly answered
J1 was sent to the penalty box
J1 is the current player
They have rolled a 2
J1 is not getting out of the penalty box
Question was incorrectly answered
J1 was sent to the penalty box
J1 is the current player
They have rolled a 2
J1 is not getting out of the penalty box
Question was incorrectly answered
J1 was sent to the penalty box
J1 is the current player
They have rolled a 2
J1 is not getting out of the penalty box
Question was incorrectly answered
J1 was sent to the penalty box
J1 is the current player
They have rolled a 2
J1 is not getting out of the penalty box
Question was incorrectly answered
J1 was sent to the penalty box
J1 is the current player
They have rolled a 2
J1 is not getting out of the penalty box
Question was incorrectly answered
J1 was sent to the penalty box
J1 is the current player
They have rolled a 2
J1 is not getting out of the penalty box
Question was incorrectly answered
J1 was sent to the penalty box
J1 is the current player
They have rolled a 2
J1 is not getting out of the penalty box
Question was incorrectly answered
J1 was sent to the penalty box
J1 is the current player
They have rolled a 2
J1 is not getting out of the penalty box
Question was incorrectly answered
J1 was sent to the penalty box
J1 is the current player
They have rolled a 2
J1 is not getting out of the penalty box
Question was incorrectly answered
J1 was sent to the penalty box
J1 is the current player
They have rolled a 2
J1 is not getting out of the penalty box
Question was incorrectly answered
J1 was sent to the penalty box
J1 is the current player
They have rolled a 2
J1 is not getting out of the penalty box
Question was incorrectly answered
J1 was sent to the penalty box
J1 is the current player
They have rolled a 2
J1 is not getting out of the penalty box
Question was incorrectly answered
J1 was sent to the penalty box
J1 is the current player
They have rolled a 2
J1 is not getting out of the penalty box
Question was incorrectly answered
J1 was sent to the penalty box
J1 is the current player
They have rolled a 2
J1 is not getting out of the penalty box
Question was incorrectly answered
J1 was sent to the penalty box
J1 is the current player
They have rolled a 2
J1 is not getting out of the penalty box
Question was incorrectly answered
J1 was sent to the penalty box
J1 is the current player
They have rolled a 2
J1 is not getting out of the penalty box
Question was incorrectly answered
J1 was sent to the penalty box
J1 is the current player
They have rolled a 2
J1 is not getting out of the penalty box
Question was incorrectly answered
J1 was sent to the penalty box
J1 is the current player
They have rolled a 2
J1 is not getting out of the penalty box
J1 is the current player
They have rolled a 1
J1 is getting out of the penalty box
J1's new location is 8
The category is Trivia.db.Category
QuestionRock8
Answer was correct!!!!
J1 now has 6 Gold Coins.</StdOut>
      </Output>
    </UnitTestResult>
    <UnitTestResult executionId="e95cf67b-968c-474c-9fde-c208fa7f40e8" testId="808b568e-f6d5-f2c0-ce4d-f681edfa13ad" testName="MessagesTest" computerName="PILOTOPC" duration="00:00:00.5460429" startTime="2012-04-25T09:48:26.4443158+02:00" endTime="2012-04-25T09:48:26.9911908+02:00" testType="13cdc9d9-ddb5-4fa4-a97d-d965ccfc6d4b" outcome="Passed" testListId="8c84fa94-04c1-424b-9868-57a2d4851a1d" relativeResultsDirectory="e95cf67b-968c-474c-9fde-c208fa7f40e8">
    </UnitTestResult>
    <UnitTestResult executionId="64047b75-5fdd-41c7-af2f-27d9cf19fb51" testId="a2c6dcd6-2d94-5b5c-b32d-f8bed4c25af3" testName="ObtenerCategoriasById" computerName="PILOTOPC" duration="00:00:00.5525522" startTime="2012-04-25T09:48:26.9911908+02:00" endTime="2012-04-25T09:48:27.5536908+02:00" testType="13cdc9d9-ddb5-4fa4-a97d-d965ccfc6d4b" outcome="Passed" testListId="8c84fa94-04c1-424b-9868-57a2d4851a1d" relativeResultsDirectory="64047b75-5fdd-41c7-af2f-27d9cf19fb51">
    </UnitTestResult>
    <UnitTestResult executionId="5a1c1156-ad36-41a9-b3be-0f26a1754e83" testId="b27817ac-06aa-fce7-f294-714971e19e0e" testName="GetCurrentCategoriConDatosInCorrectos" computerName="PILOTOPC" duration="00:00:00.5356508" startTime="2012-04-25T09:48:27.5536908+02:00" endTime="2012-04-25T09:48:28.0849408+02:00" testType="13cdc9d9-ddb5-4fa4-a97d-d965ccfc6d4b" outcome="Passed" testListId="8c84fa94-04c1-424b-9868-57a2d4851a1d" relativeResultsDirectory="5a1c1156-ad36-41a9-b3be-0f26a1754e83">
    </UnitTestResult>
  </Results>
</TestRun>