<?xml version="1.0" encoding="UTF-8"?>
<TestRun id="2bdb8aa2-0f89-4bf9-be75-8284d890b69f" name="Administrator@PILOTOPC 2012-04-24 21:12:55" runUser="PILOTO\Administrator" xmlns="http://microsoft.com/schemas/VisualStudio/TeamTest/2010">
  <TestSettings name="Local" id="95c13cd8-e4ab-4186-869c-a68da72b0b86">
    <Description>These are default test settings for a local test run.</Description>
    <Deployment enabled="false" runDeploymentRoot="Administrator_PILOTOPC 2012-04-24 21_12_55">
      <DeploymentItem filename="C:\DEV\Trivia\Moq.4.0.10827\NET40\Moq.dll" />
      <DeploymentItem filename="C:\DEV\Trivia\1.0\C#\Trivia\Trivia\bin\Debug\Trivia.exe" />
    </Deployment>
    <Execution>
      <TestTypeSpecific />
      <AgentRule name="Execution Agents">
      </AgentRule>
    </Execution>
  </TestSettings>
  <Times creation="2012-04-24T21:12:55.1621604+02:00" queuing="2012-04-24T21:13:05.7439804+02:00" start="2012-04-24T21:13:06.3219000+02:00" finish="2012-04-24T21:13:10.3279154+02:00" />
  <ResultSummary outcome="NotRunnable">
    <Counters total="6" executed="5" passed="5" error="0" failed="0" timeout="0" aborted="0" inconclusive="0" passedButRunAborted="0" notRunnable="1" notExecuted="0" disconnected="0" warning="0" completed="0" inProgress="0" pending="0" />
  </ResultSummary>
  <TestDefinitions>
    <UnitTest name="AddNewPlayerTest" storage="c:\dev\trivia\1.0\c#\trivia\triviatest\bin\debug\triviatest.dll" id="5b44dfd8-bf28-2baa-e0bb-e20f65070c98">
      <Execution id="60d7b3d6-c32c-4d5e-825b-a3fb33108476" />
      <TestMethod codeBase="C:/DEV/Trivia/1.0/C#/Trivia/TriviaTest/bin/Debug/TriviaTest.DLL" adapterTypeName="Microsoft.VisualStudio.TestTools.TestTypes.Unit.UnitTestAdapter, Microsoft.VisualStudio.QualityTools.Tips.UnitTest.Adapter, Version=10.0.0.0, Culture=neutral, PublicKeyToken=b03f5f7f11d50a3a" className="TriviaTest.TriviaTest, TriviaTest, Version=1.0.0.0, Culture=neutral, PublicKeyToken=null" name="AddNewPlayerTest" />
    </UnitTest>
    <UnitTest name="RandomTest" storage="c:\dev\trivia\1.0\c#\trivia\triviatest\bin\debug\triviatest.dll" id="0a7da336-2f01-076a-c365-c01c924cb829">
      <Execution id="ed0bc9fd-6866-482c-bc10-a43d6a5a8dda" />
      <TestMethod codeBase="C:/DEV/Trivia/1.0/C#/Trivia/TriviaTest/bin/Debug/TriviaTest.DLL" adapterTypeName="Microsoft.VisualStudio.TestTools.TestTypes.Unit.UnitTestAdapter, Microsoft.VisualStudio.QualityTools.Tips.UnitTest.Adapter, Version=10.0.0.0, Culture=neutral, PublicKeyToken=b03f5f7f11d50a3a" className="TriviaTest.TriviaTest, TriviaTest, Version=1.0.0.0, Culture=neutral, PublicKeyToken=null" name="RandomTest" />
    </UnitTest>
    <UnitTest name="MessagesTest" storage="c:\dev\trivia\1.0\c#\trivia\triviatest\bin\debug\triviatest.dll" id="808b568e-f6d5-f2c0-ce4d-f681edfa13ad">
      <Execution id="020a42c8-ef46-4f37-bf91-2dcb01a64f7d" />
      <TestMethod codeBase="C:/DEV/Trivia/1.0/C#/Trivia/TriviaTest/bin/Debug/TriviaTest.DLL" adapterTypeName="Microsoft.VisualStudio.TestTools.TestTypes.Unit.UnitTestAdapter, Microsoft.VisualStudio.QualityTools.Tips.UnitTest.Adapter, Version=10.0.0.0, Culture=neutral, PublicKeyToken=b03f5f7f11d50a3a" className="TriviaTest.TriviaTest, TriviaTest, Version=1.0.0.0, Culture=neutral, PublicKeyToken=null" name="MessagesTest" />
    </UnitTest>
    <UnitTest name="CorrectTestWinTest" storage="c:\dev\trivia\1.0\c#\trivia\triviatest\bin\debug\triviatest.dll" id="543409ab-6127-a6b2-59e4-44ef80a01fd6">
      <Execution id="36ebac70-a256-44ad-9bb5-8b7a9085c618" />
      <TestMethod codeBase="C:/DEV/Trivia/1.0/C#/Trivia/TriviaTest/bin/Debug/TriviaTest.DLL" adapterTypeName="Microsoft.VisualStudio.TestTools.TestTypes.Unit.UnitTestAdapter, Microsoft.VisualStudio.QualityTools.Tips.UnitTest.Adapter, Version=10.0.0.0, Culture=neutral, PublicKeyToken=b03f5f7f11d50a3a" className="TriviaTest.TriviaTest, TriviaTest, Version=1.0.0.0, Culture=neutral, PublicKeyToken=null" name="CorrectTestWinTest" />
    </UnitTest>
    <UnitTest name="InicializarPreguntas" storage="c:\dev\trivia\1.0\c#\trivia\triviatest\bin\debug\triviatest.dll" id="d6b62d28-cba2-6a76-be19-34e0c326758a">
      <Execution id="7944d659-cb2e-42c6-86dd-3ad3cb15b133" />
      <TestMethod codeBase="C:/DEV/Trivia/1.0/C#/Trivia/TriviaTest/bin/Debug/TriviaTest.DLL" adapterTypeName="Microsoft.VisualStudio.TestTools.TestTypes.Unit.UnitTestAdapter, Microsoft.VisualStudio.QualityTools.Tips.UnitTest.Adapter, Version=10.0.0.0, Culture=neutral, PublicKeyToken=b03f5f7f11d50a3a" className="TriviaTest.TriviaTest, TriviaTest, Version=1.0.0.0, Culture=neutral, PublicKeyToken=null" name="InicializarPreguntas" />
    </UnitTest>
    <UnitTest name="ObtenerelNumeroMaximodePreguntas" storage="c:\dev\trivia\1.0\c#\trivia\triviatest\bin\debug\triviatest.dll" id="afa4d2b9-3848-c620-49a7-491732fab97f">
      <Execution id="6224e37e-1de8-417c-baa9-155c886ef46e" />
      <TestMethod codeBase="C:/DEV/Trivia/1.0/C#/Trivia/TriviaTest/bin/Debug/TriviaTest.DLL" adapterTypeName="Microsoft.VisualStudio.TestTools.TestTypes.Unit.UnitTestAdapter, Microsoft.VisualStudio.QualityTools.Tips.UnitTest.Adapter, Version=10.0.0.0, Culture=neutral, PublicKeyToken=b03f5f7f11d50a3a" className="TriviaTest.TriviaTest, TriviaTest, Version=1.0.0.0, Culture=neutral, PublicKeyToken=null" name="ObtenerelNumeroMaximodePreguntas" />
    </UnitTest>
  </TestDefinitions>
  <TestLists>
    <TestList name="Results Not in a List" id="8c84fa94-04c1-424b-9868-57a2d4851a1d" />
    <TestList name="All Loaded Results" id="19431567-8539-422a-85d7-44ee4e166bda" />
  </TestLists>
  <TestEntries>
    <TestEntry testId="808b568e-f6d5-f2c0-ce4d-f681edfa13ad" executionId="020a42c8-ef46-4f37-bf91-2dcb01a64f7d" testListId="8c84fa94-04c1-424b-9868-57a2d4851a1d" />
    <TestEntry testId="0a7da336-2f01-076a-c365-c01c924cb829" executionId="ed0bc9fd-6866-482c-bc10-a43d6a5a8dda" testListId="8c84fa94-04c1-424b-9868-57a2d4851a1d" />
    <TestEntry testId="5b44dfd8-bf28-2baa-e0bb-e20f65070c98" executionId="60d7b3d6-c32c-4d5e-825b-a3fb33108476" testListId="8c84fa94-04c1-424b-9868-57a2d4851a1d" />
    <TestEntry testId="543409ab-6127-a6b2-59e4-44ef80a01fd6" executionId="36ebac70-a256-44ad-9bb5-8b7a9085c618" testListId="8c84fa94-04c1-424b-9868-57a2d4851a1d" />
    <TestEntry testId="d6b62d28-cba2-6a76-be19-34e0c326758a" executionId="7944d659-cb2e-42c6-86dd-3ad3cb15b133" testListId="8c84fa94-04c1-424b-9868-57a2d4851a1d" />
    <TestEntry testId="afa4d2b9-3848-c620-49a7-491732fab97f" executionId="6224e37e-1de8-417c-baa9-155c886ef46e" testListId="8c84fa94-04c1-424b-9868-57a2d4851a1d" />
  </TestEntries>
  <Results>
    <UnitTestResult executionId="020a42c8-ef46-4f37-bf91-2dcb01a64f7d" testId="808b568e-f6d5-f2c0-ce4d-f681edfa13ad" testName="MessagesTest" computerName="PILOTOPC" duration="00:00:00.2221941" startTime="2012-04-24T21:13:06.6527536+02:00" endTime="2012-04-24T21:13:08.6077976+02:00" testType="13cdc9d9-ddb5-4fa4-a97d-d965ccfc6d4b" outcome="Passed" testListId="8c84fa94-04c1-424b-9868-57a2d4851a1d" relativeResultsDirectory="020a42c8-ef46-4f37-bf91-2dcb01a64f7d">
    </UnitTestResult>
    <UnitTestResult executionId="ed0bc9fd-6866-482c-bc10-a43d6a5a8dda" testId="0a7da336-2f01-076a-c365-c01c924cb829" testName="RandomTest" computerName="PILOTOPC" duration="00:00:00.0021846" startTime="2012-04-24T21:13:08.6303558+02:00" endTime="2012-04-24T21:13:08.6410978+02:00" testType="13cdc9d9-ddb5-4fa4-a97d-d965ccfc6d4b" outcome="Passed" testListId="8c84fa94-04c1-424b-9868-57a2d4851a1d" relativeResultsDirectory="ed0bc9fd-6866-482c-bc10-a43d6a5a8dda">
    </UnitTestResult>
    <UnitTestResult executionId="60d7b3d6-c32c-4d5e-825b-a3fb33108476" testId="5b44dfd8-bf28-2baa-e0bb-e20f65070c98" testName="AddNewPlayerTest" computerName="PILOTOPC" duration="00:00:00.1222847" startTime="2012-04-24T21:13:08.6615076+02:00" endTime="2012-04-24T21:13:08.8623830+02:00" testType="13cdc9d9-ddb5-4fa4-a97d-d965ccfc6d4b" outcome="Passed" testListId="8c84fa94-04c1-424b-9868-57a2d4851a1d" relativeResultsDirectory="60d7b3d6-c32c-4d5e-825b-a3fb33108476">
      <Output>
        <StdOut>J1 was added
They are player number 1
J1 is the current player
They have rolled a 2
J1's new location is 2
The category is Sports
Sports Question 0
Question was incorrectly answered
J1 was sent to the penalty box
J1 is the current player
They have rolled a 2
J1 is not getting out of the penalty box
Question was incorrectly answered
J1 was sent to the penalty box
J1 is the current player
They have rolled a 2
J1 is not getting out of the penalty box
Question was incorrectly answered
J1 was sent to the penalty box
J1 is the current player
They have rolled a 2
J1 is not getting out of the penalty box
Question was incorrectly answered
J1 was sent to the penalty box
J1 is the current player
They have rolled a 2
J1 is not getting out of the penalty box
Question was incorrectly answered
J1 was sent to the penalty box
J1 is the current player
They have rolled a 2
J1 is not getting out of the penalty box
Question was incorrectly answered
J1 was sent to the penalty box
J1 is the current player
They have rolled a 2
J1 is not getting out of the penalty box
Question was incorrectly answered
J1 was sent to the penalty box
J1 is the current player
They have rolled a 2
J1 is not getting out of the penalty box
Question was incorrectly answered
J1 was sent to the penalty box
J1 is the current player
They have rolled a 2
J1 is not getting out of the penalty box
Question was incorrectly answered
J1 was sent to the penalty box
J1 is the current player
They have rolled a 2
J1 is not getting out of the penalty box
Question was incorrectly answered
J1 was sent to the penalty box
J1 is the current player
They have rolled a 2
J1 is not getting out of the penalty box
Question was incorrectly answered
J1 was sent to the penalty box
J1 is the current player
They have rolled a 2
J1 is not getting out of the penalty box
Question was incorrectly answered
J1 was sent to the penalty box
J1 is the current player
They have rolled a 2
J1 is not getting out of the penalty box
Question was incorrectly answered
J1 was sent to the penalty box
J1 is the current player
They have rolled a 2
J1 is not getting out of the penalty box
Question was incorrectly answered
J1 was sent to the penalty box
J1 is the current player
They have rolled a 2
J1 is not getting out of the penalty box
Question was incorrectly answered
J1 was sent to the penalty box
J1 is the current player
They have rolled a 2
J1 is not getting out of the penalty box
Question was incorrectly answered
J1 was sent to the penalty box
J1 is the current player
They have rolled a 2
J1 is not getting out of the penalty box
Question was incorrectly answered
J1 was sent to the penalty box
J1 is the current player
They have rolled a 2
J1 is not getting out of the penalty box
Question was incorrectly answered
J1 was sent to the penalty box
J1 is the current player
They have rolled a 2
J1 is not getting out of the penalty box
Question was incorrectly answered
J1 was sent to the penalty box
J1 is the current player
They have rolled a 2
J1 is not getting out of the penalty box
Question was incorrectly answered
J1 was sent to the penalty box
J1 is the current player
They have rolled a 2
J1 is not getting out of the penalty box
Question was incorrectly answered
J1 was sent to the penalty box
J1 is the current player
They have rolled a 2
J1 is not getting out of the penalty box
Question was incorrectly answered
J1 was sent to the penalty box
J1 is the current player
They have rolled a 2
J1 is not getting out of the penalty box
Question was incorrectly answered
J1 was sent to the penalty box
J1 is the current player
They have rolled a 2
J1 is not getting out of the penalty box
Question was incorrectly answered
J1 was sent to the penalty box
J1 is the current player
They have rolled a 2
J1 is not getting out of the penalty box
Question was incorrectly answered
J1 was sent to the penalty box
J1 is the current player
They have rolled a 2
J1 is not getting out of the penalty box
Question was incorrectly answered
J1 was sent to the penalty box
J1 is the current player
They have rolled a 2
J1 is not getting out of the penalty box
Question was incorrectly answered
J1 was sent to the penalty box
J1 is the current player
They have rolled a 2
J1 is not getting out of the penalty box
Question was incorrectly answered
J1 was sent to the penalty box
J1 is the current player
They have rolled a 2
J1 is not getting out of the penalty box
Question was incorrectly answered
J1 was sent to the penalty box
J1 is the current player
They have rolled a 2
J1 is not getting out of the penalty box
Question was incorrectly answered
J1 was sent to the penalty box
J1 is the current player
They have rolled a 2
J1 is not getting out of the penalty box
Question was incorrectly answered
J1 was sent to the penalty box
J1 is the current player
They have rolled a 2
J1 is not getting out of the penalty box
Question was incorrectly answered
J1 was sent to the penalty box
J1 is the current player
They have rolled a 2
J1 is not getting out of the penalty box
Question was incorrectly answered
J1 was sent to the penalty box
J1 is the current player
They have rolled a 2
J1 is not getting out of the penalty box
Question was incorrectly answered
J1 was sent to the penalty box
J1 is the current player
They have rolled a 2
J1 is not getting out of the penalty box
Question was incorrectly answered
J1 was sent to the penalty box
J1 is the current player
They have rolled a 2
J1 is not getting out of the penalty box
Question was incorrectly answered
J1 was sent to the penalty box
J1 is the current player
They have rolled a 2
J1 is not getting out of the penalty box
Question was incorrectly answered
J1 was sent to the penalty box
J1 is the current player
They have rolled a 2
J1 is not getting out of the penalty box
Question was incorrectly answered
J1 was sent to the penalty box
J1 is the current player
They have rolled a 2
J1 is not getting out of the penalty box
Question was incorrectly answered
J1 was sent to the penalty box
J1 is the current player
They have rolled a 2
J1 is not getting out of the penalty box
Question was incorrectly answered
J1 was sent to the penalty box
J1 is the current player
They have rolled a 2
J1 is not getting out of the penalty box
Question was incorrectly answered
J1 was sent to the penalty box
J1 is the current player
They have rolled a 2
J1 is not getting out of the penalty box
Question was incorrectly answered
J1 was sent to the penalty box
J1 is the current player
They have rolled a 2
J1 is not getting out of the penalty box
Question was incorrectly answered
J1 was sent to the penalty box
J1 is the current player
They have rolled a 2
J1 is not getting out of the penalty box
Question was incorrectly answered
J1 was sent to the penalty box
J1 is the current player
They have rolled a 2
J1 is not getting out of the penalty box
Question was incorrectly answered
J1 was sent to the penalty box
J1 is the current player
They have rolled a 2
J1 is not getting out of the penalty box
Question was incorrectly answered
J1 was sent to the penalty box
J1 is the current player
They have rolled a 2
J1 is not getting out of the penalty box
Question was incorrectly answered
J1 was sent to the penalty box
J1 is the current player
They have rolled a 2
J1 is not getting out of the penalty box
Question was incorrectly answered
J1 was sent to the penalty box
J1 is the current player
They have rolled a 2
J1 is not getting out of the penalty box
Question was incorrectly answered
J1 was sent to the penalty box
J1 is the current player
They have rolled a 2
J1 is not getting out of the penalty box
Question was incorrectly answered
J1 was sent to the penalty box
J1 is the current player
They have rolled a 2
J1 is not getting out of the penalty box
Question was incorrectly answered
J1 was sent to the penalty box
J1 is the current player
They have rolled a 2
J1 is not getting out of the penalty box
Question was incorrectly answered
J1 was sent to the penalty box
J1 is the current player
They have rolled a 2
J1 is not getting out of the penalty box
Question was incorrectly answered
J1 was sent to the penalty box
J1 is the current player
They have rolled a 2
J1 is not getting out of the penalty box
Question was incorrectly answered
J1 was sent to the penalty box
J1 is the current player
They have rolled a 2
J1 is not getting out of the penalty box
Question was incorrectly answered
J1 was sent to the penalty box
J1 is the current player
They have rolled a 2
J1 is not getting out of the penalty box
Question was incorrectly answered
J1 was sent to the penalty box
J1 is the current player
They have rolled a 2
J1 is not getting out of the penalty box
Question was incorrectly answered
J1 was sent to the penalty box
J1 is the current player
They have rolled a 2
J1 is not getting out of the penalty box
Question was incorrectly answered
J1 was sent to the penalty box
J1 is the current player
They have rolled a 2
J1 is not getting out of the penalty box
Question was incorrectly answered
J1 was sent to the penalty box
J1 is the current player
They have rolled a 2
J1 is not getting out of the penalty box
Question was incorrectly answered
J1 was sent to the penalty box
J1 is the current player
They have rolled a 2
J1 is not getting out of the penalty box
Question was incorrectly answered
J1 was sent to the penalty box
J1 is the current player
They have rolled a 2
J1 is not getting out of the penalty box
Question was incorrectly answered
J1 was sent to the penalty box
J1 is the current player
They have rolled a 2
J1 is not getting out of the penalty box
Question was incorrectly answered
J1 was sent to the penalty box
J1 is the current player
They have rolled a 2
J1 is not getting out of the penalty box
Question was incorrectly answered
J1 was sent to the penalty box
J1 is the current player
They have rolled a 2
J1 is not getting out of the penalty box
Question was incorrectly answered
J1 was sent to the penalty box
J1 is the current player
They have rolled a 2
J1 is not getting out of the penalty box
Question was incorrectly answered
J1 was sent to the penalty box
J1 is the current player
They have rolled a 2
J1 is not getting out of the penalty box
Question was incorrectly answered
J1 was sent to the penalty box
J1 is the current player
They have rolled a 2
J1 is not getting out of the penalty box
Question was incorrectly answered
J1 was sent to the penalty box
J1 is the current player
They have rolled a 2
J1 is not getting out of the penalty box
Question was incorrectly answered
J1 was sent to the penalty box
J1 is the current player
They have rolled a 2
J1 is not getting out of the penalty box
Question was incorrectly answered
J1 was sent to the penalty box
J1 is the current player
They have rolled a 2
J1 is not getting out of the penalty box
Question was incorrectly answered
J1 was sent to the penalty box
J1 is the current player
They have rolled a 2
J1 is not getting out of the penalty box
Question was incorrectly answered
J1 was sent to the penalty box
J1 is the current player
They have rolled a 2
J1 is not getting out of the penalty box
Question was incorrectly answered
J1 was sent to the penalty box
J1 is the current player
They have rolled a 2
J1 is not getting out of the penalty box
Question was incorrectly answered
J1 was sent to the penalty box
J1 is the current player
They have rolled a 2
J1 is not getting out of the penalty box
Question was incorrectly answered
J1 was sent to the penalty box
J1 is the current player
They have rolled a 2
J1 is not getting out of the penalty box
Question was incorrectly answered
J1 was sent to the penalty box
J1 is the current player
They have rolled a 2
J1 is not getting out of the penalty box
Question was incorrectly answered
J1 was sent to the penalty box
J1 is the current player
They have rolled a 2
J1 is not getting out of the penalty box
Question was incorrectly answered
J1 was sent to the penalty box
J1 is the current player
They have rolled a 2
J1 is not getting out of the penalty box
Question was incorrectly answered
J1 was sent to the penalty box
J1 is the current player
They have rolled a 2
J1 is not getting out of the penalty box
Question was incorrectly answered
J1 was sent to the penalty box
J1 is the current player
They have rolled a 2
J1 is not getting out of the penalty box
Question was incorrectly answered
J1 was sent to the penalty box
J1 is the current player
They have rolled a 2
J1 is not getting out of the penalty box
Question was incorrectly answered
J1 was sent to the penalty box
J1 is the current player
They have rolled a 2
J1 is not getting out of the penalty box
Question was incorrectly answered
J1 was sent to the penalty box
J1 is the current player
They have rolled a 2
J1 is not getting out of the penalty box
Question was incorrectly answered
J1 was sent to the penalty box
J1 is the current player
They have rolled a 2
J1 is not getting out of the penalty box
Question was incorrectly answered
J1 was sent to the penalty box
J1 is the current player
They have rolled a 2
J1 is not getting out of the penalty box
Question was incorrectly answered
J1 was sent to the penalty box
J1 is the current player
They have rolled a 2
J1 is not getting out of the penalty box
Question was incorrectly answered
J1 was sent to the penalty box
J1 is the current player
They have rolled a 2
J1 is not getting out of the penalty box
Question was incorrectly answered
J1 was sent to the penalty box
J1 is the current player
They have rolled a 2
J1 is not getting out of the penalty box
Question was incorrectly answered
J1 was sent to the penalty box
J1 is the current player
They have rolled a 2
J1 is not getting out of the penalty box
Question was incorrectly answered
J1 was sent to the penalty box
J1 is the current player
They have rolled a 2
J1 is not getting out of the penalty box
Question was incorrectly answered
J1 was sent to the penalty box
J1 is the current player
They have rolled a 2
J1 is not getting out of the penalty box
Question was incorrectly answered
J1 was sent to the penalty box
J1 is the current player
They have rolled a 2
J1 is not getting out of the penalty box
Question was incorrectly answered
J1 was sent to the penalty box
J1 is the current player
They have rolled a 2
J1 is not getting out of the penalty box
Question was incorrectly answered
J1 was sent to the penalty box
J1 is the current player
They have rolled a 2
J1 is not getting out of the penalty box
Question was incorrectly answered
J1 was sent to the penalty box
J1 is the current player
They have rolled a 2
J1 is not getting out of the penalty box
Question was incorrectly answered
J1 was sent to the penalty box
J1 is the current player
They have rolled a 2
J1 is not getting out of the penalty box
Question was incorrectly answered
J1 was sent to the penalty box
J1 is the current player
They have rolled a 2
J1 is not getting out of the penalty box
Question was incorrectly answered
J1 was sent to the penalty box
J1 is the current player
They have rolled a 2
J1 is not getting out of the penalty box
Question was incorrectly answered
J1 was sent to the penalty box
J1 is the current player
They have rolled a 2
J1 is not getting out of the penalty box
Question was incorrectly answered
J1 was sent to the penalty box
J1 is the current player
They have rolled a 2
J1 is not getting out of the penalty box
Question was incorrectly answered
J1 was sent to the penalty box
J1 is the current player
They have rolled a 2
J1 is not getting out of the penalty box
Question was incorrectly answered
J1 was sent to the penalty box
J1 is the current player
They have rolled a 2
J1 is not getting out of the penalty box
Question was incorrectly answered
J1 was sent to the penalty box
J1 is the current player
They have rolled a 2
J1 is not getting out of the penalty box
Question was incorrectly answered
J1 was sent to the penalty box
J1 is the current player
They have rolled a 2
J1 is not getting out of the penalty box
Question was incorrectly answered
J1 was sent to the penalty box
J1 is the current player
They have rolled a 2
J1 is not getting out of the penalty box
Question was incorrectly answered
J1 was sent to the penalty box
J1 is the current player
They have rolled a 2
J1 is not getting out of the penalty box
Question was incorrectly answered
J1 was sent to the penalty box
J1 is the current player
They have rolled a 2
J1 is not getting out of the penalty box
Question was incorrectly answered
J1 was sent to the penalty box
J1 is the current player
They have rolled a 2
J1 is not getting out of the penalty box
Question was incorrectly answered
J1 was sent to the penalty box
J1 is the current player
They have rolled a 2
J1 is not getting out of the penalty box
Question was incorrectly answered
J1 was sent to the penalty box
J1 is the current player
They have rolled a 2
J1 is not getting out of the penalty box
Question was incorrectly answered
J1 was sent to the penalty box
J1 is the current player
They have rolled a 2
J1 is not getting out of the penalty box
Question was incorrectly answered
J1 was sent to the penalty box
J1 is the current player
They have rolled a 2
J1 is not getting out of the penalty box
Question was incorrectly answered
J1 was sent to the penalty box
J1 is the current player
They have rolled a 2
J1 is not getting out of the penalty box
Question was incorrectly answered
J1 was sent to the penalty box
J1 is the current player
They have rolled a 2
J1 is not getting out of the penalty box
Question was incorrectly answered
J1 was sent to the penalty box
J1 is the current player
They have rolled a 2
J1 is not getting out of the penalty box
Question was incorrectly answered
J1 was sent to the penalty box
J1 is the current player
They have rolled a 2
J1 is not getting out of the penalty box
Question was incorrectly answered
J1 was sent to the penalty box
J1 is the current player
They have rolled a 2
J1 is not getting out of the penalty box
Question was incorrectly answered
J1 was sent to the penalty box
J1 is the current player
They have rolled a 2
J1 is not getting out of the penalty box
Question was incorrectly answered
J1 was sent to the penalty box
J1 is the current player
They have rolled a 2
J1 is not getting out of the penalty box
Question was incorrectly answered
J1 was sent to the penalty box
J1 is the current player
They have rolled a 2
J1 is not getting out of the penalty box
Question was incorrectly answered
J1 was sent to the penalty box
J1 is the current player
They have rolled a 2
J1 is not getting out of the penalty box
Question was incorrectly answered
J1 was sent to the penalty box
J1 is the current player
They have rolled a 2
J1 is not getting out of the penalty box
Question was incorrectly answered
J1 was sent to the penalty box
J1 is the current player
They have rolled a 2
J1 is not getting out of the penalty box
Question was incorrectly answered
J1 was sent to the penalty box
J1 is the current player
They have rolled a 2
J1 is not getting out of the penalty box
Question was incorrectly answered
J1 was sent to the penalty box
J1 is the current player
They have rolled a 2
J1 is not getting out of the penalty box
Question was incorrectly answered
J1 was sent to the penalty box
J1 is the current player
They have rolled a 2
J1 is not getting out of the penalty box
Question was incorrectly answered
J1 was sent to the penalty box
J1 is the current player
They have rolled a 2
J1 is not getting out of the penalty box
Question was incorrectly answered
J1 was sent to the penalty box
J1 is the current player
They have rolled a 2
J1 is not getting out of the penalty box
Question was incorrectly answered
J1 was sent to the penalty box
J1 is the current player
They have rolled a 2
J1 is not getting out of the penalty box
Question was incorrectly answered
J1 was sent to the penalty box
J1 is the current player
They have rolled a 2
J1 is not getting out of the penalty box
Question was incorrectly answered
J1 was sent to the penalty box
J1 is the current player
They have rolled a 2
J1 is not getting out of the penalty box
Question was incorrectly answered
J1 was sent to the penalty box
J1 is the current player
They have rolled a 2
J1 is not getting out of the penalty box
Question was incorrectly answered
J1 was sent to the penalty box
J1 is the current player
They have rolled a 2
J1 is not getting out of the penalty box
Question was incorrectly answered
J1 was sent to the penalty box
J1 is the current player
They have rolled a 2
J1 is not getting out of the penalty box
Question was incorrectly answered
J1 was sent to the penalty box
J1 is the current player
They have rolled a 2
J1 is not getting out of the penalty box
Question was incorrectly answered
J1 was sent to the penalty box
J1 is the current player
They have rolled a 2
J1 is not getting out of the penalty box
Question was incorrectly answered
J1 was sent to the penalty box
J1 is the current player
They have rolled a 2
J1 is not getting out of the penalty box
Question was incorrectly answered
J1 was sent to the penalty box
J1 is the current player
They have rolled a 2
J1 is not getting out of the penalty box
Question was incorrectly answered
J1 was sent to the penalty box
J1 is the current player
They have rolled a 2
J1 is not getting out of the penalty box
Question was incorrectly answered
J1 was sent to the penalty box
J1 is the current player
They have rolled a 2
J1 is not getting out of the penalty box
Question was incorrectly answered
J1 was sent to the penalty box
J1 is the current player
They have rolled a 2
J1 is not getting out of the penalty box
Question was incorrectly answered
J1 was sent to the penalty box
J1 is the current player
They have rolled a 2
J1 is not getting out of the penalty box
Question was incorrectly answered
J1 was sent to the penalty box
J1 is the current player
They have rolled a 2
J1 is not getting out of the penalty box
Question was incorrectly answered
J1 was sent to the penalty box
J1 is the current player
They have rolled a 2
J1 is not getting out of the penalty box
Question was incorrectly answered
J1 was sent to the penalty box
J1 is the current player
They have rolled a 2
J1 is not getting out of the penalty box
Question was incorrectly answered
J1 was sent to the penalty box
J1 is the current player
They have rolled a 2
J1 is not getting out of the penalty box
Question was incorrectly answered
J1 was sent to the penalty box
J1 is the current player
They have rolled a 2
J1 is not getting out of the penalty box
Question was incorrectly answered
J1 was sent to the penalty box
J1 is the current player
They have rolled a 2
J1 is not getting out of the penalty box
Question was incorrectly answered
J1 was sent to the penalty box
J1 is the current player
They have rolled a 2
J1 is not getting out of the penalty box
Question was incorrectly answered
J1 was sent to the penalty box
J1 is the current player
They have rolled a 2
J1 is not getting out of the penalty box
Question was incorrectly answered
J1 was sent to the penalty box
J1 is the current player
They have rolled a 2
J1 is not getting out of the penalty box
Question was incorrectly answered
J1 was sent to the penalty box
J1 is the current player
They have rolled a 2
J1 is not getting out of the penalty box
Question was incorrectly answered
J1 was sent to the penalty box
J1 is the current player
They have rolled a 2
J1 is not getting out of the penalty box
Question was incorrectly answered
J1 was sent to the penalty box
J1 is the current player
They have rolled a 2
J1 is not getting out of the penalty box
Question was incorrectly answered
J1 was sent to the penalty box
J1 is the current player
They have rolled a 2
J1 is not getting out of the penalty box
Question was incorrectly answered
J1 was sent to the penalty box
J1 is the current player
They have rolled a 2
J1 is not getting out of the penalty box
Question was incorrectly answered
J1 was sent to the penalty box
J1 is the current player
They have rolled a 2
J1 is not getting out of the penalty box
Question was incorrectly answered
J1 was sent to the penalty box
J1 is the current player
They have rolled a 2
J1 is not getting out of the penalty box
Question was incorrectly answered
J1 was sent to the penalty box
J1 is the current player
They have rolled a 2
J1 is not getting out of the penalty box
Question was incorrectly answered
J1 was sent to the penalty box
J1 is the current player
They have rolled a 2
J1 is not getting out of the penalty box
Question was incorrectly answered
J1 was sent to the penalty box
J1 is the current player
They have rolled a 2
J1 is not getting out of the penalty box
Question was incorrectly answered
J1 was sent to the penalty box
J1 is the current player
They have rolled a 2
J1 is not getting out of the penalty box
Question was incorrectly answered
J1 was sent to the penalty box
J1 is the current player
They have rolled a 2
J1 is not getting out of the penalty box
Question was incorrectly answered
J1 was sent to the penalty box
J1 is the current player
They have rolled a 2
J1 is not getting out of the penalty box
Question was incorrectly answered
J1 was sent to the penalty box
J1 is the current player
They have rolled a 2
J1 is not getting out of the penalty box
Question was incorrectly answered
J1 was sent to the penalty box
J1 is the current player
They have rolled a 2
J1 is not getting out of the penalty box
Question was incorrectly answered
J1 was sent to the penalty box
J1 is the current player
They have rolled a 2
J1 is not getting out of the penalty box
Question was incorrectly answered
J1 was sent to the penalty box
J1 is the current player
They have rolled a 2
J1 is not getting out of the penalty box
Question was incorrectly answered
J1 was sent to the penalty box
J1 is the current player
They have rolled a 2
J1 is not getting out of the penalty box
Question was incorrectly answered
J1 was sent to the penalty box
J1 is the current player
They have rolled a 2
J1 is not getting out of the penalty box
Question was incorrectly answered
J1 was sent to the penalty box
J1 is the current player
They have rolled a 2
J1 is not getting out of the penalty box
Question was incorrectly answered
J1 was sent to the penalty box
J1 is the current player
They have rolled a 2
J1 is not getting out of the penalty box
Question was incorrectly answered
J1 was sent to the penalty box
J1 is the current player
They have rolled a 2
J1 is not getting out of the penalty box
Question was incorrectly answered
J1 was sent to the penalty box
J1 is the current player
They have rolled a 2
J1 is not getting out of the penalty box
Question was incorrectly answered
J1 was sent to the penalty box
J1 is the current player
They have rolled a 2
J1 is not getting out of the penalty box
Question was incorrectly answered
J1 was sent to the penalty box
J1 is the current player
They have rolled a 2
J1 is not getting out of the penalty box
Question was incorrectly answered
J1 was sent to the penalty box
J1 is the current player
They have rolled a 2
J1 is not getting out of the penalty box
Question was incorrectly answered
J1 was sent to the penalty box
J1 is the current player
They have rolled a 2
J1 is not getting out of the penalty box
Question was incorrectly answered
J1 was sent to the penalty box
J1 is the current player
They have rolled a 2
J1 is not getting out of the penalty box
Question was incorrectly answered
J1 was sent to the penalty box
J1 is the current player
They have rolled a 2
J1 is not getting out of the penalty box
Question was incorrectly answered
J1 was sent to the penalty box
J1 is the current player
They have rolled a 2
J1 is not getting out of the penalty box
Question was incorrectly answered
J1 was sent to the penalty box
J1 is the current player
They have rolled a 2
J1 is not getting out of the penalty box
Question was incorrectly answered
J1 was sent to the penalty box
J1 is the current player
They have rolled a 2
J1 is not getting out of the penalty box
Question was incorrectly answered
J1 was sent to the penalty box
J1 is the current player
They have rolled a 2
J1 is not getting out of the penalty box
Question was incorrectly answered
J1 was sent to the penalty box
J1 is the current player
They have rolled a 2
J1 is not getting out of the penalty box
Question was incorrectly answered
J1 was sent to the penalty box
J1 is the current player
They have rolled a 2
J1 is not getting out of the penalty box
Question was incorrectly answered
J1 was sent to the penalty box
J1 is the current player
They have rolled a 2
J1 is not getting out of the penalty box
Question was incorrectly answered
J1 was sent to the penalty box
J1 is the current player
They have rolled a 2
J1 is not getting out of the penalty box
Question was incorrectly answered
J1 was sent to the penalty box
J1 is the current player
They have rolled a 2
J1 is not getting out of the penalty box
Question was incorrectly answered
J1 was sent to the penalty box
J1 is the current player
They have rolled a 2
J1 is not getting out of the penalty box
Question was incorrectly answered
J1 was sent to the penalty box
J1 is the current player
They have rolled a 2
J1 is not getting out of the penalty box
Question was incorrectly answered
J1 was sent to the penalty box
J1 is the current player
They have rolled a 2
J1 is not getting out of the penalty box
Question was incorrectly answered
J1 was sent to the penalty box
J1 is the current player
They have rolled a 2
J1 is not getting out of the penalty box
Question was incorrectly answered
J1 was sent to the penalty box
J1 is the current player
They have rolled a 2
J1 is not getting out of the penalty box
Question was incorrectly answered
J1 was sent to the penalty box
J1 is the current player
They have rolled a 2
J1 is not getting out of the penalty box
Question was incorrectly answered
J1 was sent to the penalty box
J1 is the current player
They have rolled a 2
J1 is not getting out of the penalty box
Question was incorrectly answered
J1 was sent to the penalty box
J1 is the current player
They have rolled a 2
J1 is not getting out of the penalty box
Question was incorrectly answered
J1 was sent to the penalty box
J1 is the current player
They have rolled a 2
J1 is not getting out of the penalty box
Question was incorrectly answered
J1 was sent to the penalty box
J1 is the current player
They have rolled a 2
J1 is not getting out of the penalty box
Question was incorrectly answered
J1 was sent to the penalty box
J1 is the current player
They have rolled a 2
J1 is not getting out of the penalty box
Question was incorrectly answered
J1 was sent to the penalty box
J1 is the current player
They have rolled a 2
J1 is not getting out of the penalty box
Question was incorrectly answered
J1 was sent to the penalty box
J1 is the current player
They have rolled a 2
J1 is not getting out of the penalty box
Question was incorrectly answered
J1 was sent to the penalty box
J1 is the current player
They have rolled a 2
J1 is not getting out of the penalty box
Question was incorrectly answered
J1 was sent to the penalty box
J1 is the current player
They have rolled a 2
J1 is not getting out of the penalty box
Question was incorrectly answered
J1 was sent to the penalty box
J1 is the current player
They have rolled a 2
J1 is not getting out of the penalty box
Question was incorrectly answered
J1 was sent to the penalty box
J1 is the current player
They have rolled a 2
J1 is not getting out of the penalty box
Question was incorrectly answered
J1 was sent to the penalty box
J1 is the current player
They have rolled a 2
J1 is not getting out of the penalty box
Question was incorrectly answered
J1 was sent to the penalty box
J1 is the current player
They have rolled a 2
J1 is not getting out of the penalty box
Question was incorrectly answered
J1 was sent to the penalty box
J1 is the current player
They have rolled a 2
J1 is not getting out of the penalty box
Question was incorrectly answered
J1 was sent to the penalty box
J1 is the current player
They have rolled a 2
J1 is not getting out of the penalty box
Question was incorrectly answered
J1 was sent to the penalty box
J1 is the current player
They have rolled a 2
J1 is not getting out of the penalty box
Question was incorrectly answered
J1 was sent to the penalty box
J1 is the current player
They have rolled a 2
J1 is not getting out of the penalty box
Question was incorrectly answered
J1 was sent to the penalty box
J1 is the current player
They have rolled a 2
J1 is not getting out of the penalty box
Question was incorrectly answered
J1 was sent to the penalty box
J1 is the current player
They have rolled a 2
J1 is not getting out of the penalty box
Question was incorrectly answered
J1 was sent to the penalty box
J1 is the current player
They have rolled a 2
J1 is not getting out of the penalty box
Question was incorrectly answered
J1 was sent to the penalty box
J1 is the current player
They have rolled a 2
J1 is not getting out of the penalty box
Question was incorrectly answered
J1 was sent to the penalty box
J1 is the current player
They have rolled a 2
J1 is not getting out of the penalty box
Question was incorrectly answered
J1 was sent to the penalty box
J1 is the current player
They have rolled a 2
J1 is not getting out of the penalty box
Question was incorrectly answered
J1 was sent to the penalty box
J1 is the current player
They have rolled a 2
J1 is not getting out of the penalty box
Question was incorrectly answered
J1 was sent to the penalty box
J1 is the current player
They have rolled a 2
J1 is not getting out of the penalty box
Question was incorrectly answered
J1 was sent to the penalty box
J1 is the current player
They have rolled a 2
J1 is not getting out of the penalty box
Question was incorrectly answered
J1 was sent to the penalty box
J1 is the current player
They have rolled a 2
J1 is not getting out of the penalty box
Question was incorrectly answered
J1 was sent to the penalty box
J1 is the current player
They have rolled a 2
J1 is not getting out of the penalty box
Question was incorrectly answered
J1 was sent to the penalty box
J1 is the current player
They have rolled a 2
J1 is not getting out of the penalty box
Question was incorrectly answered
J1 was sent to the penalty box
J1 is the current player
They have rolled a 2
J1 is not getting out of the penalty box
Question was incorrectly answered
J1 was sent to the penalty box
J1 is the current player
They have rolled a 2
J1 is not getting out of the penalty box
Question was incorrectly answered
J1 was sent to the penalty box
J1 is the current player
They have rolled a 2
J1 is not getting out of the penalty box
Question was incorrectly answered
J1 was sent to the penalty box
J1 is the current player
They have rolled a 2
J1 is not getting out of the penalty box
Question was incorrectly answered
J1 was sent to the penalty box
J1 is the current player
They have rolled a 2
J1 is not getting out of the penalty box
Question was incorrectly answered
J1 was sent to the penalty box
J1 is the current player
They have rolled a 2
J1 is not getting out of the penalty box
Question was incorrectly answered
J1 was sent to the penalty box
J1 is the current player
They have rolled a 2
J1 is not getting out of the penalty box
Question was incorrectly answered
J1 was sent to the penalty box
J1 is the current player
They have rolled a 2
J1 is not getting out of the penalty box
Question was incorrectly answered
J1 was sent to the penalty box
J1 is the current player
They have rolled a 2
J1 is not getting out of the penalty box
Question was incorrectly answered
J1 was sent to the penalty box
J1 is the current player
They have rolled a 2
J1 is not getting out of the penalty box
Question was incorrectly answered
J1 was sent to the penalty box
J1 is the current player
They have rolled a 2
J1 is not getting out of the penalty box
Question was incorrectly answered
J1 was sent to the penalty box
J1 is the current player
They have rolled a 2
J1 is not getting out of the penalty box
Question was incorrectly answered
J1 was sent to the penalty box
J1 is the current player
They have rolled a 2
J1 is not getting out of the penalty box
Question was incorrectly answered
J1 was sent to the penalty box
J1 is the current player
They have rolled a 2
J1 is not getting out of the penalty box
Question was incorrectly answered
J1 was sent to the penalty box
J1 is the current player
They have rolled a 2
J1 is not getting out of the penalty box
Question was incorrectly answered
J1 was sent to the penalty box
J1 is the current player
They have rolled a 2
J1 is not getting out of the penalty box
Question was incorrectly answered
J1 was sent to the penalty box
J1 is the current player
They have rolled a 2
J1 is not getting out of the penalty box
Question was incorrectly answered
J1 was sent to the penalty box
J1 is the current player
They have rolled a 2
J1 is not getting out of the penalty box
Question was incorrectly answered
J1 was sent to the penalty box
J1 is the current player
They have rolled a 2
J1 is not getting out of the penalty box
Question was incorrectly answered
J1 was sent to the penalty box
J1 is the current player
They have rolled a 2
J1 is not getting out of the penalty box
Question was incorrectly answered
J1 was sent to the penalty box
J1 is the current player
They have rolled a 2
J1 is not getting out of the penalty box
Question was incorrectly answered
J1 was sent to the penalty box
J1 is the current player
They have rolled a 2
J1 is not getting out of the penalty box
Question was incorrectly answered
J1 was sent to the penalty box
J1 is the current player
They have rolled a 2
J1 is not getting out of the penalty box
Question was incorrectly answered
J1 was sent to the penalty box
J1 is the current player
They have rolled a 2
J1 is not getting out of the penalty box
Question was incorrectly answered
J1 was sent to the penalty box
J1 is the current player
They have rolled a 2
J1 is not getting out of the penalty box
Question was incorrectly answered
J1 was sent to the penalty box
J1 is the current player
They have rolled a 2
J1 is not getting out of the penalty box
Question was incorrectly answered
J1 was sent to the penalty box
J1 is the current player
They have rolled a 2
J1 is not getting out of the penalty box
Question was incorrectly answered
J1 was sent to the penalty box
J1 is the current player
They have rolled a 2
J1 is not getting out of the penalty box
Question was incorrectly answered
J1 was sent to the penalty box
J1 is the current player
They have rolled a 2
J1 is not getting out of the penalty box
Question was incorrectly answered
J1 was sent to the penalty box
J1 is the current player
They have rolled a 2
J1 is not getting out of the penalty box
Question was incorrectly answered
J1 was sent to the penalty box
J1 is the current player
They have rolled a 2
J1 is not getting out of the penalty box
Question was incorrectly answered
J1 was sent to the penalty box
J1 is the current player
They have rolled a 2
J1 is not getting out of the penalty box
Question was incorrectly answered
J1 was sent to the penalty box
J1 is the current player
They have rolled a 2
J1 is not getting out of the penalty box
Question was incorrectly answered
J1 was sent to the penalty box
J1 is the current player
They have rolled a 2
J1 is not getting out of the penalty box
Question was incorrectly answered
J1 was sent to the penalty box
J1 is the current player
They have rolled a 2
J1 is not getting out of the penalty box
Question was incorrectly answered
J1 was sent to the penalty box
J1 is the current player
They have rolled a 2
J1 is not getting out of the penalty box
Question was incorrectly answered
J1 was sent to the penalty box
J1 is the current player
They have rolled a 2
J1 is not getting out of the penalty box
Question was incorrectly answered
J1 was sent to the penalty box
J1 is the current player
They have rolled a 2
J1 is not getting out of the penalty box
Question was incorrectly answered
J1 was sent to the penalty box
J1 is the current player
They have rolled a 2
J1 is not getting out of the penalty box
Question was incorrectly answered
J1 was sent to the penalty box
J1 is the current player
They have rolled a 2
J1 is not getting out of the penalty box
Question was incorrectly answered
J1 was sent to the penalty box
J1 is the current player
They have rolled a 2
J1 is not getting out of the penalty box
Question was incorrectly answered
J1 was sent to the penalty box
J1 is the current player
They have rolled a 2
J1 is not getting out of the penalty box
Question was incorrectly answered
J1 was sent to the penalty box
J1 is the current player
They have rolled a 2
J1 is not getting out of the penalty box
Question was incorrectly answered
J1 was sent to the penalty box
J1 is the current player
They have rolled a 2
J1 is not getting out of the penalty box
Question was incorrectly answered
J1 was sent to the penalty box
J1 is the current player
They have rolled a 2
J1 is not getting out of the penalty box
Question was incorrectly answered
J1 was sent to the penalty box
J1 is the current player
They have rolled a 2
J1 is not getting out of the penalty box
Question was incorrectly answered
J1 was sent to the penalty box
J1 is the current player
They have rolled a 2
J1 is not getting out of the penalty box
Question was incorrectly answered
J1 was sent to the penalty box
J1 is the current player
They have rolled a 2
J1 is not getting out of the penalty box
Question was incorrectly answered
J1 was sent to the penalty box
J1 is the current player
They have rolled a 2
J1 is not getting out of the penalty box
Question was incorrectly answered
J1 was sent to the penalty box
J1 is the current player
They have rolled a 2
J1 is not getting out of the penalty box
Question was incorrectly answered
J1 was sent to the penalty box
J1 is the current player
They have rolled a 2
J1 is not getting out of the penalty box
Question was incorrectly answered
J1 was sent to the penalty box
J1 is the current player
They have rolled a 2
J1 is not getting out of the penalty box
Question was incorrectly answered
J1 was sent to the penalty box
J1 is the current player
They have rolled a 2
J1 is not getting out of the penalty box
Question was incorrectly answered
J1 was sent to the penalty box
J1 is the current player
They have rolled a 2
J1 is not getting out of the penalty box
Question was incorrectly answered
J1 was sent to the penalty box
J1 is the current player
They have rolled a 2
J1 is not getting out of the penalty box
Question was incorrectly answered
J1 was sent to the penalty box
J1 is the current player
They have rolled a 2
J1 is not getting out of the penalty box
Question was incorrectly answered
J1 was sent to the penalty box
J1 is the current player
They have rolled a 2
J1 is not getting out of the penalty box
Question was incorrectly answered
J1 was sent to the penalty box
J1 is the current player
They have rolled a 2
J1 is not getting out of the penalty box
Question was incorrectly answered
J1 was sent to the penalty box
J1 is the current player
They have rolled a 2
J1 is not getting out of the penalty box
Question was incorrectly answered
J1 was sent to the penalty box
J1 is the current player
They have rolled a 2
J1 is not getting out of the penalty box
Question was incorrectly answered
J1 was sent to the penalty box
J1 is the current player
They have rolled a 2
J1 is not getting out of the penalty box
Question was incorrectly answered
J1 was sent to the penalty box
J1 is the current player
They have rolled a 2
J1 is not getting out of the penalty box
Question was incorrectly answered
J1 was sent to the penalty box
J1 is the current player
They have rolled a 2
J1 is not getting out of the penalty box
Question was incorrectly answered
J1 was sent to the penalty box
J1 is the current player
They have rolled a 2
J1 is not getting out of the penalty box
Question was incorrectly answered
J1 was sent to the penalty box
J1 is the current player
They have rolled a 2
J1 is not getting out of the penalty box
Question was incorrectly answered
J1 was sent to the penalty box
J1 is the current player
They have rolled a 2
J1 is not getting out of the penalty box
Question was incorrectly answered
J1 was sent to the penalty box
J1 is the current player
They have rolled a 2
J1 is not getting out of the penalty box
Question was incorrectly answered
J1 was sent to the penalty box
J1 is the current player
They have rolled a 2
J1 is not getting out of the penalty box
Question was incorrectly answered
J1 was sent to the penalty box
J1 is the current player
They have rolled a 2
J1 is not getting out of the penalty box
Question was incorrectly answered
J1 was sent to the penalty box
J1 is the current player
They have rolled a 2
J1 is not getting out of the penalty box
Question was incorrectly answered
J1 was sent to the penalty box
J1 is the current player
They have rolled a 2
J1 is not getting out of the penalty box
Question was incorrectly answered
J1 was sent to the penalty box
J1 is the current player
They have rolled a 2
J1 is not getting out of the penalty box
Question was incorrectly answered
J1 was sent to the penalty box
J1 is the current player
They have rolled a 2
J1 is not getting out of the penalty box
Question was incorrectly answered
J1 was sent to the penalty box
J1 is the current player
They have rolled a 2
J1 is not getting out of the penalty box
Question was incorrectly answered
J1 was sent to the penalty box
J1 is the current player
They have rolled a 2
J1 is not getting out of the penalty box
Question was incorrectly answered
J1 was sent to the penalty box
J1 is the current player
They have rolled a 2
J1 is not getting out of the penalty box
Question was incorrectly answered
J1 was sent to the penalty box
J1 is the current player
They have rolled a 2
J1 is not getting out of the penalty box
Question was incorrectly answered
J1 was sent to the penalty box
J1 is the current player
They have rolled a 2
J1 is not getting out of the penalty box
Question was incorrectly answered
J1 was sent to the penalty box
J1 is the current player
They have rolled a 2
J1 is not getting out of the penalty box
Question was incorrectly answered
J1 was sent to the penalty box
J1 is the current player
They have rolled a 2
J1 is not getting out of the penalty box
Question was incorrectly answered
J1 was sent to the penalty box
J1 is the current player
They have rolled a 2
J1 is not getting out of the penalty box
Question was incorrectly answered
J1 was sent to the penalty box
J1 is the current player
They have rolled a 2
J1 is not getting out of the penalty box
Question was incorrectly answered
J1 was sent to the penalty box
J1 is the current player
They have rolled a 2
J1 is not getting out of the penalty box
Question was incorrectly answered
J1 was sent to the penalty box
J1 is the current player
They have rolled a 2
J1 is not getting out of the penalty box
Question was incorrectly answered
J1 was sent to the penalty box
J1 is the current player
They have rolled a 2
J1 is not getting out of the penalty box
Question was incorrectly answered
J1 was sent to the penalty box
J1 is the current player
They have rolled a 2
J1 is not getting out of the penalty box
Question was incorrectly answered
J1 was sent to the penalty box
J1 is the current player
They have rolled a 2
J1 is not getting out of the penalty box
Question was incorrectly answered
J1 was sent to the penalty box
J1 is the current player
They have rolled a 2
J1 is not getting out of the penalty box
Question was incorrectly answered
J1 was sent to the penalty box
J1 is the current player
They have rolled a 2
J1 is not getting out of the penalty box
Question was incorrectly answered
J1 was sent to the penalty box
J1 is the current player
They have rolled a 2
J1 is not getting out of the penalty box
Question was incorrectly answered
J1 was sent to the penalty box
J1 is the current player
They have rolled a 2
J1 is not getting out of the penalty box
Question was incorrectly answered
J1 was sent to the penalty box
J1 is the current player
They have rolled a 2
J1 is not getting out of the penalty box
Question was incorrectly answered
J1 was sent to the penalty box
J1 is the current player
They have rolled a 2
J1 is not getting out of the penalty box
Question was incorrectly answered
J1 was sent to the penalty box
J1 is the current player
They have rolled a 2
J1 is not getting out of the penalty box
Question was incorrectly answered
J1 was sent to the penalty box
J1 is the current player
They have rolled a 2
J1 is not getting out of the penalty box
Question was incorrectly answered
J1 was sent to the penalty box
J1 is the current player
They have rolled a 2
J1 is not getting out of the penalty box
Question was incorrectly answered
J1 was sent to the penalty box
J1 is the current player
They have rolled a 2
J1 is not getting out of the penalty box
Question was incorrectly answered
J1 was sent to the penalty box
J1 is the current player
They have rolled a 2
J1 is not getting out of the penalty box
Question was incorrectly answered
J1 was sent to the penalty box
J1 is the current player
They have rolled a 2
J1 is not getting out of the penalty box
Question was incorrectly answered
J1 was sent to the penalty box
J1 is the current player
They have rolled a 2
J1 is not getting out of the penalty box
Question was incorrectly answered
J1 was sent to the penalty box
J1 is the current player
They have rolled a 2
J1 is not getting out of the penalty box
Question was incorrectly answered
J1 was sent to the penalty box
J1 is the current player
They have rolled a 2
J1 is not getting out of the penalty box
Question was incorrectly answered
J1 was sent to the penalty box
J1 is the current player
They have rolled a 2
J1 is not getting out of the penalty box
Question was incorrectly answered
J1 was sent to the penalty box
J1 is the current player
They have rolled a 2
J1 is not getting out of the penalty box
Question was incorrectly answered
J1 was sent to the penalty box
J1 is the current player
They have rolled a 2
J1 is not getting out of the penalty box
Question was incorrectly answered
J1 was sent to the penalty box
J1 is the current player
They have rolled a 2
J1 is not getting out of the penalty box
Question was incorrectly answered
J1 was sent to the penalty box
J1 is the current player
They have rolled a 2
J1 is not getting out of the penalty box
Question was incorrectly answered
J1 was sent to the penalty box
J1 is the current player
They have rolled a 2
J1 is not getting out of the penalty box
Question was incorrectly answered
J1 was sent to the penalty box
J1 is the current player
They have rolled a 2
J1 is not getting out of the penalty box
Question was incorrectly answered
J1 was sent to the penalty box
J1 is the current player
They have rolled a 2
J1 is not getting out of the penalty box
Question was incorrectly answered
J1 was sent to the penalty box
J1 is the current player
They have rolled a 2
J1 is not getting out of the penalty box
Question was incorrectly answered
J1 was sent to the penalty box
J1 is the current player
They have rolled a 2
J1 is not getting out of the penalty box
Question was incorrectly answered
J1 was sent to the penalty box
J1 is the current player
They have rolled a 2
J1 is not getting out of the penalty box
Question was incorrectly answered
J1 was sent to the penalty box
J1 is the current player
They have rolled a 2
J1 is not getting out of the penalty box
Question was incorrectly answered
J1 was sent to the penalty box
J1 is the current player
They have rolled a 2
J1 is not getting out of the penalty box
Question was incorrectly answered
J1 was sent to the penalty box
J1 is the current player
They have rolled a 2
J1 is not getting out of the penalty box
Question was incorrectly answered
J1 was sent to the penalty box
J1 is the current player
They have rolled a 2
J1 is not getting out of the penalty box
Question was incorrectly answered
J1 was sent to the penalty box
J1 is the current player
They have rolled a 2
J1 is not getting out of the penalty box
Question was incorrectly answered
J1 was sent to the penalty box
J1 is the current player
They have rolled a 2
J1 is not getting out of the penalty box
Question was incorrectly answered
J1 was sent to the penalty box
J1 is the current player
They have rolled a 2
J1 is not getting out of the penalty box
Question was incorrectly answered
J1 was sent to the penalty box
J1 is the current player
They have rolled a 2
J1 is not getting out of the penalty box
Question was incorrectly answered
J1 was sent to the penalty box
J1 is the current player
They have rolled a 2
J1 is not getting out of the penalty box
Question was incorrectly answered
J1 was sent to the penalty box
J1 is the current player
They have rolled a 2
J1 is not getting out of the penalty box
Question was incorrectly answered
J1 was sent to the penalty box
J1 is the current player
They have rolled a 2
J1 is not getting out of the penalty box
Question was incorrectly answered
J1 was sent to the penalty box
J1 is the current player
They have rolled a 2
J1 is not getting out of the penalty box
Question was incorrectly answered
J1 was sent to the penalty box
J1 is the current player
They have rolled a 2
J1 is not getting out of the penalty box
Question was incorrectly answered
J1 was sent to the penalty box
J1 is the current player
They have rolled a 2
J1 is not getting out of the penalty box
Question was incorrectly answered
J1 was sent to the penalty box
J1 is the current player
They have rolled a 2
J1 is not getting out of the penalty box
Question was incorrectly answered
J1 was sent to the penalty box
J1 is the current player
They have rolled a 2
J1 is not getting out of the penalty box
Question was incorrectly answered
J1 was sent to the penalty box
J1 is the current player
They have rolled a 2
J1 is not getting out of the penalty box
Question was incorrectly answered
J1 was sent to the penalty box
J1 is the current player
They have rolled a 2
J1 is not getting out of the penalty box
Question was incorrectly answered
J1 was sent to the penalty box
J1 is the current player
They have rolled a 2
J1 is not getting out of the penalty box
Question was incorrectly answered
J1 was sent to the penalty box
J1 is the current player
They have rolled a 2
J1 is not getting out of the penalty box
Question was incorrectly answered
J1 was sent to the penalty box
J1 is the current player
They have rolled a 2
J1 is not getting out of the penalty box
Question was incorrectly answered
J1 was sent to the penalty box
J1 is the current player
They have rolled a 2
J1 is not getting out of the penalty box
Question was incorrectly answered
J1 was sent to the penalty box
J1 is the current player
They have rolled a 2
J1 is not getting out of the penalty box
Question was incorrectly answered
J1 was sent to the penalty box
J1 is the current player
They have rolled a 2
J1 is not getting out of the penalty box
Question was incorrectly answered
J1 was sent to the penalty box
J1 is the current player
They have rolled a 2
J1 is not getting out of the penalty box
Question was incorrectly answered
J1 was sent to the penalty box
J1 is the current player
They have rolled a 2
J1 is not getting out of the penalty box
Question was incorrectly answered
J1 was sent to the penalty box
J1 is the current player
They have rolled a 2
J1 is not getting out of the penalty box
Question was incorrectly answered
J1 was sent to the penalty box
J1 is the current player
They have rolled a 2
J1 is not getting out of the penalty box
Question was incorrectly answered
J1 was sent to the penalty box
J1 is the current player
They have rolled a 2
J1 is not getting out of the penalty box
Question was incorrectly answered
J1 was sent to the penalty box
J1 is the current player
They have rolled a 2
J1 is not getting out of the penalty box
Question was incorrectly answered
J1 was sent to the penalty box
J1 is the current player
They have rolled a 2
J1 is not getting out of the penalty box
Question was incorrectly answered
J1 was sent to the penalty box
J1 is the current player
They have rolled a 2
J1 is not getting out of the penalty box
Question was incorrectly answered
J1 was sent to the penalty box
J1 is the current player
They have rolled a 2
J1 is not getting out of the penalty box
Question was incorrectly answered
J1 was sent to the penalty box
J1 is the current player
They have rolled a 2
J1 is not getting out of the penalty box
Question was incorrectly answered
J1 was sent to the penalty box
J1 is the current player
They have rolled a 2
J1 is not getting out of the penalty box
Question was incorrectly answered
J1 was sent to the penalty box
J1 is the current player
They have rolled a 2
J1 is not getting out of the penalty box
Question was incorrectly answered
J1 was sent to the penalty box
J1 is the current player
They have rolled a 2
J1 is not getting out of the penalty box
Question was incorrectly answered
J1 was sent to the penalty box
J1 is the current player
They have rolled a 2
J1 is not getting out of the penalty box
Question was incorrectly answered
J1 was sent to the penalty box
J1 is the current player
They have rolled a 2
J1 is not getting out of the penalty box
Question was incorrectly answered
J1 was sent to the penalty box
J1 is the current player
They have rolled a 2
J1 is not getting out of the penalty box
Question was incorrectly answered
J1 was sent to the penalty box
J1 is the current player
They have rolled a 2
J1 is not getting out of the penalty box
Question was incorrectly answered
J1 was sent to the penalty box
J1 is the current player
They have rolled a 2
J1 is not getting out of the penalty box
Question was incorrectly answered
J1 was sent to the penalty box
J1 is the current player
They have rolled a 2
J1 is not getting out of the penalty box
Question was incorrectly answered
J1 was sent to the penalty box
J1 is the current player
They have rolled a 2
J1 is not getting out of the penalty box
Question was incorrectly answered
J1 was sent to the penalty box
J1 is the current player
They have rolled a 2
J1 is not getting out of the penalty box
Question was incorrectly answered
J1 was sent to the penalty box
J1 is the current player
They have rolled a 2
J1 is not getting out of the penalty box
Question was incorrectly answered
J1 was sent to the penalty box
J1 is the current player
They have rolled a 2
J1 is not getting out of the penalty box
Question was incorrectly answered
J1 was sent to the penalty box
J1 is the current player
They have rolled a 2
J1 is not getting out of the penalty box
Question was incorrectly answered
J1 was sent to the penalty box
J1 is the current player
They have rolled a 2
J1 is not getting out of the penalty box
Question was incorrectly answered
J1 was sent to the penalty box
J1 is the current player
They have rolled a 2
J1 is not getting out of the penalty box
Question was incorrectly answered
J1 was sent to the penalty box
J1 is the current player
They have rolled a 2
J1 is not getting out of the penalty box
Question was incorrectly answered
J1 was sent to the penalty box
J1 is the current player
They have rolled a 2
J1 is not getting out of the penalty box
Question was incorrectly answered
J1 was sent to the penalty box
J1 is the current player
They have rolled a 2
J1 is not getting out of the penalty box
Question was incorrectly answered
J1 was sent to the penalty box
J1 is the current player
They have rolled a 2
J1 is not getting out of the penalty box
Question was incorrectly answered
J1 was sent to the penalty box
J1 is the current player
They have rolled a 2
J1 is not getting out of the penalty box
Question was incorrectly answered
J1 was sent to the penalty box
J1 is the current player
They have rolled a 2
J1 is not getting out of the penalty box
Question was incorrectly answered
J1 was sent to the penalty box
J1 is the current player
They have rolled a 2
J1 is not getting out of the penalty box
Question was incorrectly answered
J1 was sent to the penalty box
J1 is the current player
They have rolled a 2
J1 is not getting out of the penalty box
Question was incorrectly answered
J1 was sent to the penalty box
J1 is the current player
They have rolled a 2
J1 is not getting out of the penalty box
Question was incorrectly answered
J1 was sent to the penalty box
J1 is the current player
They have rolled a 2
J1 is not getting out of the penalty box
Question was incorrectly answered
J1 was sent to the penalty box
J1 is the current player
They have rolled a 2
J1 is not getting out of the penalty box
Question was incorrectly answered
J1 was sent to the penalty box
J1 is the current player
They have rolled a 2
J1 is not getting out of the penalty box
Question was incorrectly answered
J1 was sent to the penalty box
J1 is the current player
They have rolled a 2
J1 is not getting out of the penalty box
Question was incorrectly answered
J1 was sent to the penalty box
J1 is the current player
They have rolled a 2
J1 is not getting out of the penalty box
Question was incorrectly answered
J1 was sent to the penalty box
J1 is the current player
They have rolled a 2
J1 is not getting out of the penalty box
Question was incorrectly answered
J1 was sent to the penalty box
J1 is the current player
They have rolled a 2
J1 is not getting out of the penalty box
Question was incorrectly answered
J1 was sent to the penalty box
J1 is the current player
They have rolled a 2
J1 is not getting out of the penalty box
Question was incorrectly answered
J1 was sent to the penalty box
J1 is the current player
They have rolled a 2
J1 is not getting out of the penalty box
Question was incorrectly answered
J1 was sent to the penalty box
J1 is the current player
They have rolled a 2
J1 is not getting out of the penalty box
Question was incorrectly answered
J1 was sent to the penalty box
J1 is the current player
They have rolled a 2
J1 is not getting out of the penalty box
Question was incorrectly answered
J1 was sent to the penalty box
J1 is the current player
They have rolled a 2
J1 is not getting out of the penalty box
Question was incorrectly answered
J1 was sent to the penalty box
J1 is the current player
They have rolled a 2
J1 is not getting out of the penalty box
Question was incorrectly answered
J1 was sent to the penalty box
J1 is the current player
They have rolled a 2
J1 is not getting out of the penalty box
Question was incorrectly answered
J1 was sent to the penalty box
J1 is the current player
They have rolled a 2
J1 is not getting out of the penalty box
Question was incorrectly answered
J1 was sent to the penalty box
J1 is the current player
They have rolled a 2
J1 is not getting out of the penalty box
Question was incorrectly answered
J1 was sent to the penalty box
J1 is the current player
They have rolled a 2
J1 is not getting out of the penalty box
Question was incorrectly answered
J1 was sent to the penalty box
J1 is the current player
They have rolled a 2
J1 is not getting out of the penalty box
Question was incorrectly answered
J1 was sent to the penalty box
J1 is the current player
They have rolled a 2
J1 is not getting out of the penalty box
Question was incorrectly answered
J1 was sent to the penalty box
J1 is the current player
They have rolled a 2
J1 is not getting out of the penalty box
Question was incorrectly answered
J1 was sent to the penalty box
J1 is the current player
They have rolled a 2
J1 is not getting out of the penalty box
Question was incorrectly answered
J1 was sent to the penalty box
J1 is the current player
They have rolled a 2
J1 is not getting out of the penalty box
Question was incorrectly answered
J1 was sent to the penalty box
J1 is the current player
They have rolled a 2
J1 is not getting out of the penalty box
Question was incorrectly answered
J1 was sent to the penalty box
J1 is the current player
They have rolled a 2
J1 is not getting out of the penalty box
Question was incorrectly answered
J1 was sent to the penalty box
J1 is the current player
They have rolled a 2
J1 is not getting out of the penalty box
Question was incorrectly answered
J1 was sent to the penalty box
J1 is the current player
They have rolled a 2
J1 is not getting out of the penalty box
Question was incorrectly answered
J1 was sent to the penalty box
J1 is the current player
They have rolled a 2
J1 is not getting out of the penalty box
Question was incorrectly answered
J1 was sent to the penalty box
J1 is the current player
They have rolled a 2
J1 is not getting out of the penalty box
Question was incorrectly answered
J1 was sent to the penalty box
J1 is the current player
They have rolled a 2
J1 is not getting out of the penalty box
Question was incorrectly answered
J1 was sent to the penalty box
J1 is the current player
They have rolled a 2
J1 is not getting out of the penalty box
Question was incorrectly answered
J1 was sent to the penalty box
J1 is the current player
They have rolled a 2
J1 is not getting out of the penalty box
Question was incorrectly answered
J1 was sent to the penalty box
J1 is the current player
They have rolled a 2
J1 is not getting out of the penalty box
Question was incorrectly answered
J1 was sent to the penalty box
J1 is the current player
They have rolled a 2
J1 is not getting out of the penalty box
Question was incorrectly answered
J1 was sent to the penalty box
J1 is the current player
They have rolled a 2
J1 is not getting out of the penalty box
Question was incorrectly answered
J1 was sent to the penalty box
J1 is the current player
They have rolled a 2
J1 is not getting out of the penalty box
Question was incorrectly answered
J1 was sent to the penalty box
J1 is the current player
They have rolled a 2
J1 is not getting out of the penalty box
Question was incorrectly answered
J1 was sent to the penalty box
J1 is the current player
They have rolled a 2
J1 is not getting out of the penalty box
Question was incorrectly answered
J1 was sent to the penalty box
J1 is the current player
They have rolled a 2
J1 is not getting out of the penalty box
Question was incorrectly answered
J1 was sent to the penalty box
J1 is the current player
They have rolled a 2
J1 is not getting out of the penalty box
Question was incorrectly answered
J1 was sent to the penalty box
J1 is the current player
They have rolled a 2
J1 is not getting out of the penalty box
Question was incorrectly answered
J1 was sent to the penalty box
J1 is the current player
They have rolled a 2
J1 is not getting out of the penalty box
Question was incorrectly answered
J1 was sent to the penalty box
J1 is the current player
They have rolled a 2
J1 is not getting out of the penalty box
Question was incorrectly answered
J1 was sent to the penalty box
J1 is the current player
They have rolled a 2
J1 is not getting out of the penalty box
Question was incorrectly answered
J1 was sent to the penalty box
J1 is the current player
They have rolled a 2
J1 is not getting out of the penalty box
Question was incorrectly answered
J1 was sent to the penalty box
J1 is the current player
They have rolled a 2
J1 is not getting out of the penalty box
Question was incorrectly answered
J1 was sent to the penalty box
J1 is the current player
They have rolled a 2
J1 is not getting out of the penalty box
Question was incorrectly answered
J1 was sent to the penalty box
J1 is the current player
They have rolled a 2
J1 is not getting out of the penalty box
Question was incorrectly answered
J1 was sent to the penalty box
J1 is the current player
They have rolled a 2
J1 is not getting out of the penalty box
Question was incorrectly answered
J1 was sent to the penalty box
J1 is the current player
They have rolled a 2
J1 is not getting out of the penalty box
Question was incorrectly answered
J1 was sent to the penalty box
J1 is the current player
They have rolled a 2
J1 is not getting out of the penalty box
Question was incorrectly answered
J1 was sent to the penalty box
J1 is the current player
They have rolled a 2
J1 is not getting out of the penalty box
Question was incorrectly answered
J1 was sent to the penalty box
J1 is the current player
They have rolled a 2
J1 is not getting out of the penalty box
Question was incorrectly answered
J1 was sent to the penalty box
J1 is the current player
They have rolled a 2
J1 is not getting out of the penalty box
Question was incorrectly answered
J1 was sent to the penalty box
J1 is the current player
They have rolled a 2
J1 is not getting out of the penalty box
Question was incorrectly answered
J1 was sent to the penalty box
J1 is the current player
They have rolled a 2
J1 is not getting out of the penalty box
Question was incorrectly answered
J1 was sent to the penalty box
J1 is the current player
They have rolled a 2
J1 is not getting out of the penalty box
Question was incorrectly answered
J1 was sent to the penalty box
J1 is the current player
They have rolled a 2
J1 is not getting out of the penalty box
Question was incorrectly answered
J1 was sent to the penalty box
J1 is the current player
They have rolled a 2
J1 is not getting out of the penalty box
Question was incorrectly answered
J1 was sent to the penalty box
J1 is the current player
They have rolled a 2
J1 is not getting out of the penalty box
Question was incorrectly answered
J1 was sent to the penalty box
J1 is the current player
They have rolled a 2
J1 is not getting out of the penalty box
Question was incorrectly answered
J1 was sent to the penalty box
J1 is the current player
They have rolled a 2
J1 is not getting out of the penalty box
Question was incorrectly answered
J1 was sent to the penalty box
J1 is the current player
They have rolled a 2
J1 is not getting out of the penalty box
Question was incorrectly answered
J1 was sent to the penalty box
J1 is the current player
They have rolled a 2
J1 is not getting out of the penalty box
Question was incorrectly answered
J1 was sent to the penalty box
J1 is the current player
They have rolled a 2
J1 is not getting out of the penalty box
Question was incorrectly answered
J1 was sent to the penalty box
J1 is the current player
They have rolled a 2
J1 is not getting out of the penalty box
Question was incorrectly answered
J1 was sent to the penalty box
J1 is the current player
They have rolled a 2
J1 is not getting out of the penalty box
Question was incorrectly answered
J1 was sent to the penalty box
J1 is the current player
They have rolled a 2
J1 is not getting out of the penalty box
Question was incorrectly answered
J1 was sent to the penalty box
J1 is the current player
They have rolled a 2
J1 is not getting out of the penalty box
Question was incorrectly answered
J1 was sent to the penalty box
J1 is the current player
They have rolled a 2
J1 is not getting out of the penalty box
Question was incorrectly answered
J1 was sent to the penalty box
J1 is the current player
They have rolled a 2
J1 is not getting out of the penalty box
Question was incorrectly answered
J1 was sent to the penalty box
J1 is the current player
They have rolled a 2
J1 is not getting out of the penalty box
Question was incorrectly answered
J1 was sent to the penalty box
J1 is the current player
They have rolled a 2
J1 is not getting out of the penalty box
Question was incorrectly answered
J1 was sent to the penalty box
J1 is the current player
They have rolled a 2
J1 is not getting out of the penalty box
Question was incorrectly answered
J1 was sent to the penalty box
J1 is the current player
They have rolled a 2
J1 is not getting out of the penalty box
Question was incorrectly answered
J1 was sent to the penalty box
J1 is the current player
They have rolled a 2
J1 is not getting out of the penalty box
Question was incorrectly answered
J1 was sent to the penalty box
J1 is the current player
They have rolled a 2
J1 is not getting out of the penalty box
Question was incorrectly answered
[...]
J1 is the current player
They have rolled a 4
J1 is not getting out of the penalty box
Question was incorrectly answered
J1 was sent to the penalty box
J1 is the current player
They have rolled a 4
J1 is not getting out of the penalty box
Question was incorrectly answered
J1 was sent to the penalty box
J1 is the current player
They have rolled a 4
J1 is not getting out of the penalty box
Question was incorrectly answered
J1 was sent to the penalty box
J1 is the current player
They have rolled a 4
J1 is not getting out of the penalty box
Question was incorrectly answered
J1 was sent to the penalty box
J1 is the current player
They have rolled a 4
J1 is not getting out of the penalty box
Question was incorrectly answered
J1 was sent to the penalty box
J1 is the current player
They have rolled a 4
J1 is not getting out of the penalty box
Question was incorrectly answered
J1 was sent to the penalty box
J1 is the current player
They have rolled a 4
J1 is not getting out of the penalty box
Question was incorrectly answered
J1 was sent to the penalty box
J1 is the current player
They have rolled a 4
J1 is not getting out of the penalty box
Question was incorrectly answered
J1 was sent to the penalty box
J1 is the current player
They have rolled a 4
J1 is not getting out of the penalty box
Question was incorrectly answered
J1 was sent to the penalty box
J1 is the current player
They have rolled a 4
J1 is not getting out of the penalty box
Question was incorrectly answered
J1 was sent to the penalty box
J1 is the current player
They have rolled a 4
J1 is not getting out of the penalty box
Question was incorrectly answered
J1 was sent to the penalty box
J1 is the current player
They have rolled a 4
J1 is not getting out of the penalty box
Question was incorrectly answered
J1 was sent to the penalty box
J1 is the current player
They have rolled a 4
J1 is not getting out of the penalty box
Question was incorrectly answered
J1 was sent to the penalty box
J1 is the current player
They have rolled a 4
J1 is not getting out of the penalty box
Question was incorrectly answered
J1 was sent to the penalty box
J1 is the current player
They have rolled a 4
J1 is not getting out of the penalty box
Question was incorrectly answered
J1 was sent to the penalty box
J1 is the current player
They have rolled a 4
J1 is not getting out of the penalty box
Question was incorrectly answered
J1 was sent to the penalty box
J1 is the current player
They have rolled a 4
J1 is not getting out of the penalty box
Question was incorrectly answered
J1 was sent to the penalty box
J1 is the current player
They have rolled a 4
J1 is not getting out of the penalty box
Question was incorrectly answered
J1 was sent to the penalty box
J1 is the current player
They have rolled a 4
J1 is not getting out of the penalty box
Question was incorrectly answered
J1 was sent to the penalty box
J1 is the current player
They have rolled a 4
J1 is not getting out of the penalty box
Question was incorrectly answered
J1 was sent to the penalty box
J1 is the current player
They have rolled a 4
J1 is not getting out of the penalty box
Question was incorrectly answered
J1 was sent to the penalty box
J1 is the current player
They have rolled a 4
J1 is not getting out of the penalty box
Question was incorrectly answered
J1 was sent to the penalty box
J1 is the current player
They have rolled a 4
J1 is not getting out of the penalty box
Question was incorrectly answered
J1 was sent to the penalty box
J1 is the current player
They have rolled a 4
J1 is not getting out of the penalty box
Question was incorrectly answered
J1 was sent to the penalty box
J1 is the current player
They have rolled a 4
J1 is not getting out of the penalty box
Question was incorrectly answered
J1 was sent to the penalty box
J1 is the current player
They have rolled a 4
J1 is not getting out of the penalty box
Question was incorrectly answered
J1 was sent to the penalty box
J1 is the current player
They have rolled a 4
J1 is not getting out of the penalty box
Question was incorrectly answered
J1 was sent to the penalty box
J1 is the current player
They have rolled a 4
J1 is not getting out of the penalty box
Question was incorrectly answered
J1 was sent to the penalty box
J1 is the current player
They have rolled a 4
J1 is not getting out of the penalty box
Question was incorrectly answered
J1 was sent to the penalty box
J1 is the current player
They have rolled a 4
J1 is not getting out of the penalty box
Question was incorrectly answered
J1 was sent to the penalty box
J1 is the current player
They have rolled a 4
J1 is not getting out of the penalty box
Question was incorrectly answered
J1 was sent to the penalty box
J1 is the current player
They have rolled a 4
J1 is not getting out of the penalty box
Question was incorrectly answered
J1 was sent to the penalty box
J1 is the current player
They have rolled a 4
J1 is not getting out of the penalty box
Question was incorrectly answered
J1 was sent to the penalty box
J1 is the current player
They have rolled a 4
J1 is not getting out of the penalty box
Question was incorrectly answered
J1 was sent to the penalty box
J1 is the current player
They have rolled a 4
J1 is not getting out of the penalty box
Question was incorrectly answered
J1 was sent to the penalty box
J1 is the current player
They have rolled a 4
J1 is not getting out of the penalty box
Question was incorrectly answered
J1 was sent to the penalty box
J1 is the current player
They have rolled a 4
J1 is not getting out of the penalty box
Question was incorrectly answered
J1 was sent to the penalty box
J1 is the current player
They have rolled a 4
J1 is not getting out of the penalty box
Question was incorrectly answered
J1 was sent to the penalty box
J1 is the current player
They have rolled a 4
J1 is not getting out of the penalty box
Question was incorrectly answered
J1 was sent to the penalty box
J1 is the current player
They have rolled a 4
J1 is not getting out of the penalty box
Question was incorrectly answered
J1 was sent to the penalty box
J1 is the current player
They have rolled a 4
J1 is not getting out of the penalty box
Question was incorrectly answered
J1 was sent to the penalty box
J1 is the current player
They have rolled a 4
J1 is not getting out of the penalty box
Question was incorrectly answered
J1 was sent to the penalty box
J1 is the current player
They have rolled a 4
J1 is not getting out of the penalty box
Question was incorrectly answered
J1 was sent to the penalty box
J1 is the current player
They have rolled a 4
J1 is not getting out of the penalty box
Question was incorrectly answered
J1 was sent to the penalty box
J1 is the current player
They have rolled a 4
J1 is not getting out of the penalty box
Question was incorrectly answered
J1 was sent to the penalty box
J1 is the current player
They have rolled a 4
J1 is not getting out of the penalty box
Question was incorrectly answered
J1 was sent to the penalty box
J1 is the current player
They have rolled a 4
J1 is not getting out of the penalty box
Question was incorrectly answered
J1 was sent to the penalty box
J1 is the current player
They have rolled a 4
J1 is not getting out of the penalty box
Question was incorrectly answered
J1 was sent to the penalty box
J1 is the current player
They have rolled a 4
J1 is not getting out of the penalty box
Question was incorrectly answered
J1 was sent to the penalty box
J1 is the current player
They have rolled a 4
J1 is not getting out of the penalty box
Question was incorrectly answered
J1 was sent to the penalty box
J1 is the current player
They have rolled a 4
J1 is not getting out of the penalty box
Question was incorrectly answered
J1 was sent to the penalty box
J1 is the current player
They have rolled a 4
J1 is not getting out of the penalty box
Question was incorrectly answered
J1 was sent to the penalty box
J1 is the current player
They have rolled a 4
J1 is not getting out of the penalty box
Question was incorrectly answered
J1 was sent to the penalty box
J1 is the current player
They have rolled a 4
J1 is not getting out of the penalty box
Question was incorrectly answered
J1 was sent to the penalty box
J1 is the current player
They have rolled a 4
J1 is not getting out of the penalty box
Question was incorrectly answered
J1 was sent to the penalty box
J1 is the current player
They have rolled a 4
J1 is not getting out of the penalty box
Question was incorrectly answered
J1 was sent to the penalty box
J1 is the current player
They have rolled a 4
J1 is not getting out of the penalty box
Question was incorrectly answered
J1 was sent to the penalty box
J1 is the current player
They have rolled a 4
J1 is not getting out of the penalty box
Question was incorrectly answered
J1 was sent to the penalty box
J1 is the current player
They have rolled a 4
J1 is not getting out of the penalty box
Question was incorrectly answered
J1 was sent to the penalty box
J1 is the current player
They have rolled a 4
J1 is not getting out of the penalty box
Question was incorrectly answered
J1 was sent to the penalty box
J1 is the current player
They have rolled a 4
J1 is not getting out of the penalty box
Question was incorrectly answered
J1 was sent to the penalty box
J1 is the current player
They have rolled a 4
J1 is not getting out of the penalty box
Question was incorrectly answered
J1 was sent to the penalty box
J1 is the current player
They have rolled a 4
J1 is not getting out of the penalty box
Question was incorrectly answered
J1 was sent to the penalty box
J1 is the current player
They have rolled a 4
J1 is not getting out of the penalty box
Question was incorrectly answered
J1 was sent to the penalty box
J1 is the current player
They have rolled a 4
J1 is not getting out of the penalty box
Question was incorrectly answered
J1 was sent to the penalty box
J1 is the current player
They have rolled a 4
J1 is not getting out of the penalty box
Question was incorrectly answered
J1 was sent to the penalty box
J1 is the current player
They have rolled a 4
J1 is not getting out of the penalty box
Question was incorrectly answered
J1 was sent to the penalty box
J1 is the current player
They have rolled a 4
J1 is not getting out of the penalty box
Question was incorrectly answered
J1 was sent to the penalty box
J1 is the current player
They have rolled a 4
J1 is not getting out of the penalty box
Question was incorrectly answered
J1 was sent to the penalty box
J1 is the current player
They have rolled a 4
J1 is not getting out of the penalty box
Question was incorrectly answered
J1 was sent to the penalty box
J1 is the current player
They have rolled a 4
J1 is not getting out of the penalty box
Question was incorrectly answered
J1 was sent to the penalty box
J1 is the current player
They have rolled a 4
J1 is not getting out of the penalty box
Question was incorrectly answered
J1 was sent to the penalty box
J1 is the current player
They have rolled a 4
J1 is not getting out of the penalty box
Question was incorrectly answered
J1 was sent to the penalty box
J1 is the current player
They have rolled a 4
J1 is not getting out of the penalty box
Question was incorrectly answered
J1 was sent to the penalty box
J1 is the current player
They have rolled a 4
J1 is not getting out of the penalty box
Question was incorrectly answered
J1 was sent to the penalty box
J1 is the current player
They have rolled a 4
J1 is not getting out of the penalty box
Question was incorrectly answered
J1 was sent to the penalty box
J1 is the current player
They have rolled a 4
J1 is not getting out of the penalty box
Question was incorrectly answered
J1 was sent to the penalty box
J1 is the current player
They have rolled a 4
J1 is not getting out of the penalty box
Question was incorrectly answered
J1 was sent to the penalty box
J1 is the current player
They have rolled a 4
J1 is not getting out of the penalty box
Question was incorrectly answered
J1 was sent to the penalty box
J1 is the current player
They have rolled a 4
J1 is not getting out of the penalty box
Question was incorrectly answered
J1 was sent to the penalty box
J1 is the current player
They have rolled a 4
J1 is not getting out of the penalty box
Question was incorrectly answered
J1 was sent to the penalty box
J1 is the current player
They have rolled a 4
J1 is not getting out of the penalty box
Question was incorrectly answered
J1 was sent to the penalty box
J1 is the current player
They have rolled a 4
J1 is not getting out of the penalty box
Question was incorrectly answered
J1 was sent to the penalty box
J1 is the current player
They have rolled a 4
J1 is not getting out of the penalty box
Question was incorrectly answered
J1 was sent to the penalty box
J1 is the current player
They have rolled a 4
J1 is not getting out of the penalty box
Question was incorrectly answered
J1 was sent to the penalty box
J1 is the current player
They have rolled a 4
J1 is not getting out of the penalty box
Question was incorrectly answered
J1 was sent to the penalty box
J1 is the current player
They have rolled a 4
J1 is not getting out of the penalty box
Question was incorrectly answered
J1 was sent to the penalty box
J1 is the current player
They have rolled a 4
J1 is not getting out of the penalty box
Question was incorrectly answered
J1 was sent to the penalty box
J1 is the current player
They have rolled a 4
J1 is not getting out of the penalty box
Question was incorrectly answered
J1 was sent to the penalty box
J1 is the current player
They have rolled a 4
J1 is not getting out of the penalty box
Question was incorrectly answered
J1 was sent to the penalty box
J1 is the current player
They have rolled a 4
J1 is not getting out of the penalty box
Question was incorrectly answered
J1 was sent to the penalty box
J1 is the current player
They have rolled a 4
J1 is not getting out of the penalty box
Question was incorrectly answered
J1 was sent to the penalty box
J1 is the current player
They have rolled a 4
J1 is not getting out of the penalty box
J1 is the current player
They have rolled a 1
J1 is getting out of the penalty box
J1's new location is 3
The category is Rock
Rock Question 0
Answer was correct!!!!
J1 now has 1 Gold Coins.
J1 is the current player
They have rolled a 1
J1 is getting out of the penalty box
J1's new location is 4
The category is Pop
Pop Question 0
Answer was correct!!!!
J1 now has 2 Gold Coins.
J1 is the current player
They have rolled a 1
J1 is getting out of the penalty box
J1's new location is 5
The category is Science
Science Question 0
Answer was correct!!!!
J1 now has 3 Gold Coins.
J1 is the current player
They have rolled a 1
J1 is getting out of the penalty box
J1's new location is 6
The category is Sports
Sports Question 1
Answer was correct!!!!
J1 now has 4 Gold Coins.
J1 is the current player
They have rolled a 1
J1 is getting out of the penalty box
J1's new location is 7
The category is Rock
Rock Question 1
Answer was correct!!!!
J1 now has 5 Gold Coins.
J1 is the current player
They have rolled a 1
J1 is getting out of the penalty box
J1's new location is 8
The category is Pop
Pop Question 1
Answer was correct!!!!
J1 now has 6 Gold Coins.</StdOut>
      </Output>
    </UnitTestResult>
    <UnitTestResult executionId="36ebac70-a256-44ad-9bb5-8b7a9085c618" testId="543409ab-6127-a6b2-59e4-44ef80a01fd6" testName="CorrectTestWinTest" computerName="PILOTOPC" duration="00:00:00.7756190" startTime="2012-04-24T21:13:08.8881638+02:00" endTime="2012-04-24T21:13:09.7443012+02:00" testType="13cdc9d9-ddb5-4fa4-a97d-d965ccfc6d4b" outcome="Passed" testListId="8c84fa94-04c1-424b-9868-57a2d4851a1d" relativeResultsDirectory="36ebac70-a256-44ad-9bb5-8b7a9085c618">
      <Output>
        <StdOut>Primero was added
They are player number 1
Segundo was added
They are player number 2
Tercero was added
They are player number 3
Primero is the current player
They have rolled a 2
Primero's new location is 2
The category is Sports
Sports Question 0
Answer was corrent!!!!
Primero now has 1 Gold Coins.
Segundo is the current player
They have rolled a 2
Segundo's new location is 2
The category is Sports
Sports Question 1
Answer was corrent!!!!
Segundo now has 1 Gold Coins.
Tercero is the current player
They have rolled a 2
Tercero's new location is 2
The category is Sports
Sports Question 2
Answer was corrent!!!!
Tercero now has 1 Gold Coins.
Primero is the current player
They have rolled a 2
Primero's new location is 4
The category is Pop
Pop Question 0
Answer was corrent!!!!
Primero now has 2 Gold Coins.
Segundo is the current player
They have rolled a 2
Segundo's new location is 4
The category is Pop
Pop Question 1
Answer was corrent!!!!
Segundo now has 2 Gold Coins.
Tercero is the current player
They have rolled a 2
Tercero's new location is 4
The category is Pop
Pop Question 2
Answer was corrent!!!!
Tercero now has 2 Gold Coins.
Primero is the current player
They have rolled a 2
Primero's new location is 6
The category is Sports
Sports Question 3
Answer was corrent!!!!
Primero now has 3 Gold Coins.
Segundo is the current player
They have rolled a 2
Segundo's new location is 6
The category is Sports
Sports Question 4
Answer was corrent!!!!
Segundo now has 3 Gold Coins.
Tercero is the current player
They have rolled a 2
Tercero's new location is 6
The category is Sports
Sports Question 5
Answer was corrent!!!!
Tercero now has 3 Gold Coins.
Primero is the current player
They have rolled a 2
Primero's new location is 8
The category is Pop
Pop Question 3
Answer was corrent!!!!
Primero now has 4 Gold Coins.
Segundo is the current player
They have rolled a 2
Segundo's new location is 8
The category is Pop
Pop Question 4
Answer was corrent!!!!
Segundo now has 4 Gold Coins.
Tercero is the current player
They have rolled a 2
Tercero's new location is 8
The category is Pop
Pop Question 5
Answer was corrent!!!!
Tercero now has 4 Gold Coins.
Primero is the current player
They have rolled a 2
Primero's new location is 10
The category is Sports
Sports Question 6
Answer was corrent!!!!
Primero now has 5 Gold Coins.
Segundo is the current player
They have rolled a 2
Segundo's new location is 10
The category is Sports
Sports Question 7
Answer was corrent!!!!
Segundo now has 5 Gold Coins.
Tercero is the current player
They have rolled a 2
Tercero's new location is 10
The category is Sports
Sports Question 8
Answer was corrent!!!!
Tercero now has 5 Gold Coins.
Primero is the current player
They have rolled a 2
Primero's new location is 0
The category is Pop
Pop Question 6
Answer was corrent!!!!
Primero now has 6 Gold Coins.</StdOut>
      </Output>
    </UnitTestResult>
    <UnitTestResult executionId="7944d659-cb2e-42c6-86dd-3ad3cb15b133" testId="d6b62d28-cba2-6a76-be19-34e0c326758a" testName="InicializarPreguntas" computerName="PILOTOPC" testType="13cdc9d9-ddb5-4fa4-a97d-d965ccfc6d4b" outcome="NotRunnable" testListId="8c84fa94-04c1-424b-9868-57a2d4851a1d" relativeResultsDirectory="7944d659-cb2e-42c6-86dd-3ad3cb15b133">
      <Output>
        <ErrorInfo>
          <Message>UTA007: Method InicializarPreguntas defined in class TriviaTest.TriviaTest does not have correct signature. Test method marked with the [TestMethod] attribute must be non-static, public, does not return a value and should not take any parameter. for example: public void Test.Class1.Test().</Message>
        </ErrorInfo>
      </Output>
    </UnitTestResult>
    <UnitTestResult executionId="6224e37e-1de8-417c-baa9-155c886ef46e" testId="afa4d2b9-3848-c620-49a7-491732fab97f" testName="ObtenerelNumeroMaximodePreguntas" computerName="PILOTOPC" duration="00:00:00.0005352" startTime="2012-04-24T21:13:09.7582658+02:00" endTime="2012-04-24T21:13:09.7679336+02:00" testType="13cdc9d9-ddb5-4fa4-a97d-d965ccfc6d4b" outcome="Passed" testListId="8c84fa94-04c1-424b-9868-57a2d4851a1d" relativeResultsDirectory="6224e37e-1de8-417c-baa9-155c886ef46e">
    </UnitTestResult>
  </Results>
</TestRun>